2022-01-28 19:04:02,197 ERROR 61909 [-/::1/-/6ms GET /today] nodejs.TypeError: this.ctx.service.home.findDdayDetail is not a function
    at HomeController.today (/Users/melon95/resposity/workday/app/controller/home.js:9:45)
    at Object.callFn (/Users/melon95/resposity/workday/node_modules/egg-core/lib/utils/index.js:44:21)
    at Object.classControllerMiddleware (/Users/melon95/resposity/workday/node_modules/egg-core/lib/loader/mixin/controller.js:87:20)
    at Object.callFn (/Users/melon95/resposity/workday/node_modules/@eggjs/router/lib/utils.js:12:21)
    at wrappedController (/Users/melon95/resposity/workday/node_modules/@eggjs/router/lib/egg_router.js:322:18)
    at dispatch (/Users/melon95/resposity/workday/node_modules/koa-compose/index.js:44:32)
    at next (/Users/melon95/resposity/workday/node_modules/koa-compose/index.js:45:18)
    at /Users/melon95/resposity/workday/node_modules/@eggjs/router/lib/router.js:190:18
    at dispatch (/Users/melon95/resposity/workday/node_modules/koa-compose/index.js:44:32)
    at /Users/melon95/resposity/workday/node_modules/koa-compose/index.js:36:12

pid: 61909
hostname: lijundeMBP

2022-01-28 19:04:39,341 ERROR 65241 [-/::1/-/7ms GET /today] nodejs.TypeError: this.ctx.service.home.findDayDetail is not a function
    at HomeController.today (/Users/melon95/resposity/workday/app/controller/home.js:13:45)
    at Object.callFn (/Users/melon95/resposity/workday/node_modules/egg-core/lib/utils/index.js:44:21)
    at Object.classControllerMiddleware (/Users/melon95/resposity/workday/node_modules/egg-core/lib/loader/mixin/controller.js:87:20)
    at Object.callFn (/Users/melon95/resposity/workday/node_modules/@eggjs/router/lib/utils.js:12:21)
    at wrappedController (/Users/melon95/resposity/workday/node_modules/@eggjs/router/lib/egg_router.js:322:18)
    at dispatch (/Users/melon95/resposity/workday/node_modules/koa-compose/index.js:44:32)
    at next (/Users/melon95/resposity/workday/node_modules/koa-compose/index.js:45:18)
    at /Users/melon95/resposity/workday/node_modules/@eggjs/router/lib/router.js:190:18
    at dispatch (/Users/melon95/resposity/workday/node_modules/koa-compose/index.js:44:32)
    at /Users/melon95/resposity/workday/node_modules/koa-compose/index.js:36:12

pid: 65241
hostname: lijundeMBP

2022-01-28 19:06:14,890 ERROR 66103 [-/::1/-/5ms GET /today] nodejs.TypeError: this.ctx.service.home.findDayDetail is not a function
    at HomeController.today (/Users/melon95/resposity/workday/app/controller/home.js:13:45)
    at Object.callFn (/Users/melon95/resposity/workday/node_modules/egg-core/lib/utils/index.js:44:21)
    at Object.classControllerMiddleware (/Users/melon95/resposity/workday/node_modules/egg-core/lib/loader/mixin/controller.js:87:20)
    at Object.callFn (/Users/melon95/resposity/workday/node_modules/@eggjs/router/lib/utils.js:12:21)
    at wrappedController (/Users/melon95/resposity/workday/node_modules/@eggjs/router/lib/egg_router.js:322:18)
    at dispatch (/Users/melon95/resposity/workday/node_modules/koa-compose/index.js:44:32)
    at next (/Users/melon95/resposity/workday/node_modules/koa-compose/index.js:45:18)
    at /Users/melon95/resposity/workday/node_modules/@eggjs/router/lib/router.js:190:18
    at dispatch (/Users/melon95/resposity/workday/node_modules/koa-compose/index.js:44:32)
    at /Users/melon95/resposity/workday/node_modules/koa-compose/index.js:36:12

pid: 66103
hostname: lijundeMBP

2022-01-28 19:26:19,798 ERROR 76931 nodejs.TypeError: Cannot read property 'config' of undefined
    at Object.get [egg-security#CSRF_SECRET] (/Users/melon95/resposity/workday/node_modules/egg-security/app/extend/context.js:83:60)
    at Object.get csrf [as csrf] (/Users/melon95/resposity/workday/node_modules/egg-security/app/extend/context.js:67:49)
    at /Users/melon95/resposity/workday/node_modules/nedb/lib/model.js:130:30
    at Array.forEach (<anonymous>)
    at deepCopy (/Users/melon95/resposity/workday/node_modules/nedb/lib/model.js:128:22)
    at /Users/melon95/resposity/workday/node_modules/nedb/lib/model.js:130:18
    at Array.forEach (<anonymous>)
    at deepCopy (/Users/melon95/resposity/workday/node_modules/nedb/lib/model.js:128:22)
    at /Users/melon95/resposity/workday/node_modules/nedb/lib/model.js:130:18
    at Array.forEach (<anonymous>)

pid: 76931
hostname: lijundeMBP

2022-01-28 19:26:19,798 ERROR 76931 nodejs.TypeError: Cannot read property 'config' of undefined
    at Object.get [egg-security#CSRF_SECRET] (/Users/melon95/resposity/workday/node_modules/egg-security/app/extend/context.js:83:60)
    at Object.get csrf [as csrf] (/Users/melon95/resposity/workday/node_modules/egg-security/app/extend/context.js:67:49)
    at /Users/melon95/resposity/workday/node_modules/nedb/lib/model.js:130:30
    at Array.forEach (<anonymous>)
    at deepCopy (/Users/melon95/resposity/workday/node_modules/nedb/lib/model.js:128:22)
    at /Users/melon95/resposity/workday/node_modules/nedb/lib/model.js:130:18
    at Array.forEach (<anonymous>)
    at deepCopy (/Users/melon95/resposity/workday/node_modules/nedb/lib/model.js:128:22)
    at /Users/melon95/resposity/workday/node_modules/nedb/lib/model.js:130:18
    at Array.forEach (<anonymous>)

pid: 76931
hostname: lijundeMBP

2022-01-28 19:28:52,062 ERROR 78238 nodejs.TypeError: Cannot read property 'config' of undefined
    at Object.get [egg-security#CSRF_SECRET] (/Users/melon95/resposity/workday/node_modules/egg-security/app/extend/context.js:83:60)
    at Object.get csrf [as csrf] (/Users/melon95/resposity/workday/node_modules/egg-security/app/extend/context.js:67:49)
    at /Users/melon95/resposity/workday/node_modules/nedb/lib/model.js:130:30
    at Array.forEach (<anonymous>)
    at deepCopy (/Users/melon95/resposity/workday/node_modules/nedb/lib/model.js:128:22)
    at /Users/melon95/resposity/workday/node_modules/nedb/lib/model.js:130:18
    at Array.forEach (<anonymous>)
    at deepCopy (/Users/melon95/resposity/workday/node_modules/nedb/lib/model.js:128:22)
    at /Users/melon95/resposity/workday/node_modules/nedb/lib/model.js:130:18
    at Array.forEach (<anonymous>)

pid: 78238
hostname: lijundeMBP

2022-01-28 19:28:52,062 ERROR 78238 nodejs.TypeError: Cannot read property 'config' of undefined
    at Object.get [egg-security#CSRF_SECRET] (/Users/melon95/resposity/workday/node_modules/egg-security/app/extend/context.js:83:60)
    at Object.get csrf [as csrf] (/Users/melon95/resposity/workday/node_modules/egg-security/app/extend/context.js:67:49)
    at /Users/melon95/resposity/workday/node_modules/nedb/lib/model.js:130:30
    at Array.forEach (<anonymous>)
    at deepCopy (/Users/melon95/resposity/workday/node_modules/nedb/lib/model.js:128:22)
    at /Users/melon95/resposity/workday/node_modules/nedb/lib/model.js:130:18
    at Array.forEach (<anonymous>)
    at deepCopy (/Users/melon95/resposity/workday/node_modules/nedb/lib/model.js:128:22)
    at /Users/melon95/resposity/workday/node_modules/nedb/lib/model.js:130:18
    at Array.forEach (<anonymous>)

pid: 78238
hostname: lijundeMBP

2022-01-28 19:32:02,836 ERROR 80009 nodejs.TypeError: Cannot read property 'config' of undefined
    at Object.get [egg-security#CSRF_SECRET] (/Users/melon95/resposity/workday/node_modules/egg-security/app/extend/context.js:83:60)
    at Object.get csrf [as csrf] (/Users/melon95/resposity/workday/node_modules/egg-security/app/extend/context.js:67:49)
    at /Users/melon95/resposity/workday/node_modules/nedb/lib/model.js:130:30
    at Array.forEach (<anonymous>)
    at deepCopy (/Users/melon95/resposity/workday/node_modules/nedb/lib/model.js:128:22)
    at /Users/melon95/resposity/workday/node_modules/nedb/lib/model.js:130:18
    at Array.forEach (<anonymous>)
    at deepCopy (/Users/melon95/resposity/workday/node_modules/nedb/lib/model.js:128:22)
    at /Users/melon95/resposity/workday/node_modules/nedb/lib/model.js:130:18
    at Array.forEach (<anonymous>)

pid: 80009
hostname: lijundeMBP

2022-01-28 19:32:02,837 ERROR 80009 nodejs.TypeError: Cannot read property 'config' of undefined
    at Object.get [egg-security#CSRF_SECRET] (/Users/melon95/resposity/workday/node_modules/egg-security/app/extend/context.js:83:60)
    at Object.get csrf [as csrf] (/Users/melon95/resposity/workday/node_modules/egg-security/app/extend/context.js:67:49)
    at /Users/melon95/resposity/workday/node_modules/nedb/lib/model.js:130:30
    at Array.forEach (<anonymous>)
    at deepCopy (/Users/melon95/resposity/workday/node_modules/nedb/lib/model.js:128:22)
    at /Users/melon95/resposity/workday/node_modules/nedb/lib/model.js:130:18
    at Array.forEach (<anonymous>)
    at deepCopy (/Users/melon95/resposity/workday/node_modules/nedb/lib/model.js:128:22)
    at /Users/melon95/resposity/workday/node_modules/nedb/lib/model.js:130:18
    at Array.forEach (<anonymous>)

pid: 80009
hostname: lijundeMBP

2022-01-28 19:32:32,467 ERROR 80332 nodejs.TypeError: Cannot read property 'config' of undefined
    at Object.get [egg-security#CSRF_SECRET] (/Users/melon95/resposity/workday/node_modules/egg-security/app/extend/context.js:83:60)
    at Object.get csrf [as csrf] (/Users/melon95/resposity/workday/node_modules/egg-security/app/extend/context.js:67:49)
    at /Users/melon95/resposity/workday/node_modules/nedb/lib/model.js:130:30
    at Array.forEach (<anonymous>)
    at deepCopy (/Users/melon95/resposity/workday/node_modules/nedb/lib/model.js:128:22)
    at /Users/melon95/resposity/workday/node_modules/nedb/lib/model.js:130:18
    at Array.forEach (<anonymous>)
    at deepCopy (/Users/melon95/resposity/workday/node_modules/nedb/lib/model.js:128:22)
    at /Users/melon95/resposity/workday/node_modules/nedb/lib/model.js:130:18
    at Array.forEach (<anonymous>)

pid: 80332
hostname: lijundeMBP

2022-01-28 19:32:32,468 ERROR 80332 nodejs.TypeError: Cannot read property 'config' of undefined
    at Object.get [egg-security#CSRF_SECRET] (/Users/melon95/resposity/workday/node_modules/egg-security/app/extend/context.js:83:60)
    at Object.get csrf [as csrf] (/Users/melon95/resposity/workday/node_modules/egg-security/app/extend/context.js:67:49)
    at /Users/melon95/resposity/workday/node_modules/nedb/lib/model.js:130:30
    at Array.forEach (<anonymous>)
    at deepCopy (/Users/melon95/resposity/workday/node_modules/nedb/lib/model.js:128:22)
    at /Users/melon95/resposity/workday/node_modules/nedb/lib/model.js:130:18
    at Array.forEach (<anonymous>)
    at deepCopy (/Users/melon95/resposity/workday/node_modules/nedb/lib/model.js:128:22)
    at /Users/melon95/resposity/workday/node_modules/nedb/lib/model.js:130:18
    at Array.forEach (<anonymous>)

pid: 80332
hostname: lijundeMBP

2022-01-28 19:33:11,272 ERROR 80712 nodejs.TypeError: Cannot read property 'config' of undefined
    at Object.get [egg-security#CSRF_SECRET] (/Users/melon95/resposity/workday/node_modules/egg-security/app/extend/context.js:83:60)
    at Object.get csrf [as csrf] (/Users/melon95/resposity/workday/node_modules/egg-security/app/extend/context.js:67:49)
    at /Users/melon95/resposity/workday/node_modules/nedb/lib/model.js:130:30
    at Array.forEach (<anonymous>)
    at deepCopy (/Users/melon95/resposity/workday/node_modules/nedb/lib/model.js:128:22)
    at /Users/melon95/resposity/workday/node_modules/nedb/lib/model.js:130:18
    at Array.forEach (<anonymous>)
    at deepCopy (/Users/melon95/resposity/workday/node_modules/nedb/lib/model.js:128:22)
    at /Users/melon95/resposity/workday/node_modules/nedb/lib/model.js:130:18
    at Array.forEach (<anonymous>)

pid: 80712
hostname: lijundeMBP

2022-01-28 19:33:11,272 ERROR 80712 nodejs.TypeError: Cannot read property 'config' of undefined
    at Object.get [egg-security#CSRF_SECRET] (/Users/melon95/resposity/workday/node_modules/egg-security/app/extend/context.js:83:60)
    at Object.get csrf [as csrf] (/Users/melon95/resposity/workday/node_modules/egg-security/app/extend/context.js:67:49)
    at /Users/melon95/resposity/workday/node_modules/nedb/lib/model.js:130:30
    at Array.forEach (<anonymous>)
    at deepCopy (/Users/melon95/resposity/workday/node_modules/nedb/lib/model.js:128:22)
    at /Users/melon95/resposity/workday/node_modules/nedb/lib/model.js:130:18
    at Array.forEach (<anonymous>)
    at deepCopy (/Users/melon95/resposity/workday/node_modules/nedb/lib/model.js:128:22)
    at /Users/melon95/resposity/workday/node_modules/nedb/lib/model.js:130:18
    at Array.forEach (<anonymous>)

pid: 80712
hostname: lijundeMBP

2022-01-28 19:33:41,939 ERROR 81026 nodejs.TypeError: Cannot read property 'config' of undefined
    at Object.get [egg-security#CSRF_SECRET] (/Users/melon95/resposity/workday/node_modules/egg-security/app/extend/context.js:83:60)
    at Object.get csrf [as csrf] (/Users/melon95/resposity/workday/node_modules/egg-security/app/extend/context.js:67:49)
    at /Users/melon95/resposity/workday/node_modules/nedb/lib/model.js:130:30
    at Array.forEach (<anonymous>)
    at deepCopy (/Users/melon95/resposity/workday/node_modules/nedb/lib/model.js:128:22)
    at /Users/melon95/resposity/workday/node_modules/nedb/lib/model.js:130:18
    at Array.forEach (<anonymous>)
    at deepCopy (/Users/melon95/resposity/workday/node_modules/nedb/lib/model.js:128:22)
    at /Users/melon95/resposity/workday/node_modules/nedb/lib/model.js:130:18
    at Array.forEach (<anonymous>)

pid: 81026
hostname: lijundeMBP

2022-01-28 19:33:41,943 ERROR 81026 nodejs.TypeError: Cannot read property 'config' of undefined
    at Object.get [egg-security#CSRF_SECRET] (/Users/melon95/resposity/workday/node_modules/egg-security/app/extend/context.js:83:60)
    at Object.get csrf [as csrf] (/Users/melon95/resposity/workday/node_modules/egg-security/app/extend/context.js:67:49)
    at /Users/melon95/resposity/workday/node_modules/nedb/lib/model.js:130:30
    at Array.forEach (<anonymous>)
    at deepCopy (/Users/melon95/resposity/workday/node_modules/nedb/lib/model.js:128:22)
    at /Users/melon95/resposity/workday/node_modules/nedb/lib/model.js:130:18
    at Array.forEach (<anonymous>)
    at deepCopy (/Users/melon95/resposity/workday/node_modules/nedb/lib/model.js:128:22)
    at /Users/melon95/resposity/workday/node_modules/nedb/lib/model.js:130:18
    at Array.forEach (<anonymous>)

pid: 81026
hostname: lijundeMBP

2022-01-28 19:38:10,910 ERROR 83255 nodejs.TypeError: Cannot read property 'config' of undefined
    at Object.get [egg-security#CSRF_SECRET] (/Users/melon95/resposity/workday/node_modules/egg-security/app/extend/context.js:83:60)
    at Object.get csrf [as csrf] (/Users/melon95/resposity/workday/node_modules/egg-security/app/extend/context.js:67:49)
    at /Users/melon95/resposity/workday/node_modules/nedb/lib/model.js:130:30
    at Array.forEach (<anonymous>)
    at deepCopy (/Users/melon95/resposity/workday/node_modules/nedb/lib/model.js:128:22)
    at /Users/melon95/resposity/workday/node_modules/nedb/lib/model.js:130:18
    at Array.forEach (<anonymous>)
    at deepCopy (/Users/melon95/resposity/workday/node_modules/nedb/lib/model.js:128:22)
    at /Users/melon95/resposity/workday/node_modules/nedb/lib/model.js:130:18
    at Array.forEach (<anonymous>)

pid: 83255
hostname: lijundeMBP

2022-01-28 19:38:10,911 ERROR 83255 nodejs.TypeError: Cannot read property 'config' of undefined
    at Object.get [egg-security#CSRF_SECRET] (/Users/melon95/resposity/workday/node_modules/egg-security/app/extend/context.js:83:60)
    at Object.get csrf [as csrf] (/Users/melon95/resposity/workday/node_modules/egg-security/app/extend/context.js:67:49)
    at /Users/melon95/resposity/workday/node_modules/nedb/lib/model.js:130:30
    at Array.forEach (<anonymous>)
    at deepCopy (/Users/melon95/resposity/workday/node_modules/nedb/lib/model.js:128:22)
    at /Users/melon95/resposity/workday/node_modules/nedb/lib/model.js:130:18
    at Array.forEach (<anonymous>)
    at deepCopy (/Users/melon95/resposity/workday/node_modules/nedb/lib/model.js:128:22)
    at /Users/melon95/resposity/workday/node_modules/nedb/lib/model.js:130:18
    at Array.forEach (<anonymous>)

pid: 83255
hostname: lijundeMBP

2022-01-28 19:44:26,030 ERROR 86345 nodejs.TypeError: Cannot read property 'config' of undefined
    at Object.get [egg-security#CSRF_SECRET] (/Users/melon95/resposity/workday/node_modules/egg-security/app/extend/context.js:83:60)
    at Object.get csrf [as csrf] (/Users/melon95/resposity/workday/node_modules/egg-security/app/extend/context.js:67:49)
    at /Users/melon95/resposity/workday/node_modules/nedb/lib/model.js:130:30
    at Array.forEach (<anonymous>)
    at deepCopy (/Users/melon95/resposity/workday/node_modules/nedb/lib/model.js:128:22)
    at /Users/melon95/resposity/workday/node_modules/nedb/lib/model.js:130:18
    at Array.forEach (<anonymous>)
    at deepCopy (/Users/melon95/resposity/workday/node_modules/nedb/lib/model.js:128:22)
    at /Users/melon95/resposity/workday/node_modules/nedb/lib/model.js:130:18
    at Array.forEach (<anonymous>)

pid: 86345
hostname: lijundeMBP

2022-01-28 19:44:26,030 ERROR 86345 nodejs.TypeError: Cannot read property 'config' of undefined
    at Object.get [egg-security#CSRF_SECRET] (/Users/melon95/resposity/workday/node_modules/egg-security/app/extend/context.js:83:60)
    at Object.get csrf [as csrf] (/Users/melon95/resposity/workday/node_modules/egg-security/app/extend/context.js:67:49)
    at /Users/melon95/resposity/workday/node_modules/nedb/lib/model.js:130:30
    at Array.forEach (<anonymous>)
    at deepCopy (/Users/melon95/resposity/workday/node_modules/nedb/lib/model.js:128:22)
    at /Users/melon95/resposity/workday/node_modules/nedb/lib/model.js:130:18
    at Array.forEach (<anonymous>)
    at deepCopy (/Users/melon95/resposity/workday/node_modules/nedb/lib/model.js:128:22)
    at /Users/melon95/resposity/workday/node_modules/nedb/lib/model.js:130:18
    at Array.forEach (<anonymous>)

pid: 86345
hostname: lijundeMBP

2022-01-28 19:46:56,721 ERROR 87622 nodejs.TypeError: Cannot read property 'config' of undefined
    at Object.get [egg-security#CSRF_SECRET] (/Users/melon95/resposity/workday/node_modules/egg-security/app/extend/context.js:83:60)
    at Object.get csrf [as csrf] (/Users/melon95/resposity/workday/node_modules/egg-security/app/extend/context.js:67:49)
    at /Users/melon95/resposity/workday/node_modules/nedb/lib/model.js:130:30
    at Array.forEach (<anonymous>)
    at deepCopy (/Users/melon95/resposity/workday/node_modules/nedb/lib/model.js:128:22)
    at /Users/melon95/resposity/workday/node_modules/nedb/lib/model.js:130:18
    at Array.forEach (<anonymous>)
    at deepCopy (/Users/melon95/resposity/workday/node_modules/nedb/lib/model.js:128:22)
    at /Users/melon95/resposity/workday/node_modules/nedb/lib/model.js:130:18
    at Array.forEach (<anonymous>)

pid: 87622
hostname: lijundeMBP

2022-01-28 19:46:56,721 ERROR 87622 nodejs.TypeError: Cannot read property 'config' of undefined
    at Object.get [egg-security#CSRF_SECRET] (/Users/melon95/resposity/workday/node_modules/egg-security/app/extend/context.js:83:60)
    at Object.get csrf [as csrf] (/Users/melon95/resposity/workday/node_modules/egg-security/app/extend/context.js:67:49)
    at /Users/melon95/resposity/workday/node_modules/nedb/lib/model.js:130:30
    at Array.forEach (<anonymous>)
    at deepCopy (/Users/melon95/resposity/workday/node_modules/nedb/lib/model.js:128:22)
    at /Users/melon95/resposity/workday/node_modules/nedb/lib/model.js:130:18
    at Array.forEach (<anonymous>)
    at deepCopy (/Users/melon95/resposity/workday/node_modules/nedb/lib/model.js:128:22)
    at /Users/melon95/resposity/workday/node_modules/nedb/lib/model.js:130:18
    at Array.forEach (<anonymous>)

pid: 87622
hostname: lijundeMBP

