2022-01-28 15:11:53,432 INFO 6 [egg:logger] init all loggers with options: {"dir":"/home/projects/webcontainer-egg-shgna5/logs/webcontainer-egg","encoding":"utf8","env":"local","level":"INFO","consoleLevel":"INFO","disableConsoleAfterReady":false,"outputJSON":false,"buffer":true,"appLogName":"webcontainer-egg-web.log","coreLogName":"egg-web.log","agentLogName":"egg-agent.log","errorLogName":"common-error.log","coreLogger":{"consoleLevel":"WARN"},"allowDebugAtProd":false,"type":"application"}
2022-01-28 15:11:53,444 INFO 6 [egg-multipart] stream mode enable
2022-01-28 15:11:53,877 INFO 6 [egg-static] starting static serve /public/ -> /home/projects/webcontainer-egg-shgna5/app/public
2022-01-28 15:11:53,881 INFO 6 [egg-security] use csrf middleware
2022-01-28 15:11:54,059 INFO 6 [egg-security] use methodnoallow middleware
2022-01-28 15:11:54,061 INFO 6 [egg-security] use noopen middleware
2022-01-28 15:11:54,062 INFO 6 [egg-security] use nosniff middleware
2022-01-28 15:11:54,062 INFO 6 [egg-security] use xssProtection middleware
2022-01-28 15:11:54,062 INFO 6 [egg-security] use dta middleware
2022-01-28 15:11:54,062 INFO 6 [egg-security] compose 6 middlewares into one security middleware
2022-01-28 15:11:54,083 INFO 6 [egg:core] dump config after load, 4ms
2022-01-28 15:11:54,336 INFO 6 [egg-watcher:application] watcher start success
2022-01-28 15:11:54,512 INFO 6 [egg:core] dump config after ready, 28ms
2022-01-28 15:11:56,040 INFO 6 [egg-view-nunjucks] loading templates from ["/home/projects/webcontainer-egg-shgna5/app/view"]
2022-01-28 18:39:38,242 INFO 52526 [egg:logger] init all loggers with options: {"dir":"/Users/melon95/resposity/workday/logs/webcontainer-egg","encoding":"utf8","env":"local","level":"INFO","consoleLevel":"INFO","disableConsoleAfterReady":false,"outputJSON":false,"buffer":true,"appLogName":"webcontainer-egg-web.log","coreLogName":"egg-web.log","agentLogName":"egg-agent.log","errorLogName":"common-error.log","coreLogger":{"consoleLevel":"WARN"},"allowDebugAtProd":false,"type":"application"}
2022-01-28 18:39:38,244 INFO 52526 [egg-multipart] stream mode enable
2022-01-28 18:39:38,286 INFO 52526 [egg-static] starting static serve /public/ -> /Users/melon95/resposity/workday/app/public
2022-01-28 18:39:38,287 INFO 52526 [egg-security] use csrf middleware
2022-01-28 18:39:38,287 INFO 52526 [egg-security] use methodnoallow middleware
2022-01-28 18:39:38,287 INFO 52526 [egg-security] use noopen middleware
2022-01-28 18:39:38,287 INFO 52526 [egg-security] use nosniff middleware
2022-01-28 18:39:38,288 INFO 52526 [egg-security] use xssProtection middleware
2022-01-28 18:39:38,288 INFO 52526 [egg-security] use dta middleware
2022-01-28 18:39:38,288 INFO 52526 [egg-security] compose 6 middlewares into one security middleware
2022-01-28 18:39:38,290 INFO 52526 [egg:core] dump config after load, 1ms
2022-01-28 18:39:38,290 INFO 52526 [egg-watcher:application] watcher start success
2022-01-28 18:39:38,292 INFO 52526 [egg:core] dump config after ready, 1ms
2022-01-28 18:42:39,608 INFO 54064 [egg:logger] init all loggers with options: {"dir":"/Users/melon95/resposity/workday/logs/webcontainer-egg","encoding":"utf8","env":"local","level":"INFO","consoleLevel":"INFO","disableConsoleAfterReady":false,"outputJSON":false,"buffer":true,"appLogName":"webcontainer-egg-web.log","coreLogName":"egg-web.log","agentLogName":"egg-agent.log","errorLogName":"common-error.log","coreLogger":{"consoleLevel":"WARN"},"allowDebugAtProd":false,"type":"application"}
2022-01-28 18:42:39,610 INFO 54064 [egg-multipart] stream mode enable
2022-01-28 18:42:39,638 INFO 54064 [egg-static] starting static serve /public/ -> /Users/melon95/resposity/workday/app/public
2022-01-28 18:42:39,639 INFO 54064 [egg-security] use csrf middleware
2022-01-28 18:42:39,639 INFO 54064 [egg-security] use methodnoallow middleware
2022-01-28 18:42:39,639 INFO 54064 [egg-security] use noopen middleware
2022-01-28 18:42:39,639 INFO 54064 [egg-security] use nosniff middleware
2022-01-28 18:42:39,640 INFO 54064 [egg-security] use xssProtection middleware
2022-01-28 18:42:39,640 INFO 54064 [egg-security] use dta middleware
2022-01-28 18:42:39,640 INFO 54064 [egg-security] compose 6 middlewares into one security middleware
2022-01-28 18:42:39,642 INFO 54064 [egg:core] dump config after load, 1ms
2022-01-28 18:42:39,642 INFO 54064 [egg-watcher:application] watcher start success
2022-01-28 18:42:39,646 INFO 54064 [egg:core] dump config after ready, 1ms
2022-01-28 18:48:07,664 INFO 56790 [egg:logger] init all loggers with options: {"dir":"/Users/melon95/resposity/workday/logs/webcontainer-egg","encoding":"utf8","env":"local","level":"INFO","consoleLevel":"INFO","disableConsoleAfterReady":false,"outputJSON":false,"buffer":true,"appLogName":"webcontainer-egg-web.log","coreLogName":"egg-web.log","agentLogName":"egg-agent.log","errorLogName":"common-error.log","coreLogger":{"consoleLevel":"WARN"},"allowDebugAtProd":false,"type":"application"}
2022-01-28 18:48:07,666 INFO 56790 [egg-multipart] stream mode enable
2022-01-28 18:48:07,692 INFO 56790 [egg-static] starting static serve /public/ -> /Users/melon95/resposity/workday/app/public
2022-01-28 18:48:07,696 INFO 56790 [egg-security] use csrf middleware
2022-01-28 18:48:07,696 INFO 56790 [egg-security] use methodnoallow middleware
2022-01-28 18:48:07,696 INFO 56790 [egg-security] use noopen middleware
2022-01-28 18:48:07,696 INFO 56790 [egg-security] use nosniff middleware
2022-01-28 18:48:07,696 INFO 56790 [egg-security] use xssProtection middleware
2022-01-28 18:48:07,696 INFO 56790 [egg-security] use dta middleware
2022-01-28 18:48:07,696 INFO 56790 [egg-security] compose 6 middlewares into one security middleware
2022-01-28 18:48:07,698 INFO 56790 [egg:core] dump config after load, 1ms
2022-01-28 18:48:07,699 INFO 56790 [egg-watcher:application] watcher start success
2022-01-28 18:48:07,700 INFO 56790 [egg:core] dump config after ready, 1ms
2022-01-28 18:49:07,780 INFO 57349 [egg:logger] init all loggers with options: {"dir":"/Users/melon95/resposity/workday/logs/webcontainer-egg","encoding":"utf8","env":"local","level":"INFO","consoleLevel":"INFO","disableConsoleAfterReady":false,"outputJSON":false,"buffer":true,"appLogName":"webcontainer-egg-web.log","coreLogName":"egg-web.log","agentLogName":"egg-agent.log","errorLogName":"common-error.log","coreLogger":{"consoleLevel":"WARN"},"allowDebugAtProd":false,"type":"application"}
2022-01-28 18:49:07,782 INFO 57349 [egg-multipart] stream mode enable
2022-01-28 18:49:07,811 INFO 57349 [egg-static] starting static serve /public/ -> /Users/melon95/resposity/workday/app/public
2022-01-28 18:49:07,812 INFO 57349 [egg-security] use csrf middleware
2022-01-28 18:49:07,812 INFO 57349 [egg-security] use methodnoallow middleware
2022-01-28 18:49:07,812 INFO 57349 [egg-security] use noopen middleware
2022-01-28 18:49:07,812 INFO 57349 [egg-security] use nosniff middleware
2022-01-28 18:49:07,812 INFO 57349 [egg-security] use xssProtection middleware
2022-01-28 18:49:07,812 INFO 57349 [egg-security] use dta middleware
2022-01-28 18:49:07,812 INFO 57349 [egg-security] compose 6 middlewares into one security middleware
2022-01-28 18:49:07,814 INFO 57349 [egg:core] dump config after load, 1ms
2022-01-28 18:49:07,815 INFO 57349 [egg-watcher:application] watcher start success
2022-01-28 18:49:07,816 INFO 57349 [egg:core] dump config after ready, 1ms
2022-01-28 18:55:30,690 INFO 60559 [egg:logger] init all loggers with options: {"dir":"/Users/melon95/resposity/workday/logs/webcontainer-egg","encoding":"utf8","env":"local","level":"INFO","consoleLevel":"INFO","disableConsoleAfterReady":false,"outputJSON":false,"buffer":true,"appLogName":"webcontainer-egg-web.log","coreLogName":"egg-web.log","agentLogName":"egg-agent.log","errorLogName":"common-error.log","coreLogger":{"consoleLevel":"WARN"},"allowDebugAtProd":false,"type":"application"}
2022-01-28 18:55:30,692 INFO 60559 [egg-multipart] stream mode enable
2022-01-28 18:55:30,722 INFO 60559 [egg-static] starting static serve /public/ -> /Users/melon95/resposity/workday/app/public
2022-01-28 18:55:30,722 INFO 60559 [egg-security] use csrf middleware
2022-01-28 18:55:30,723 INFO 60559 [egg-security] use methodnoallow middleware
2022-01-28 18:55:30,723 INFO 60559 [egg-security] use noopen middleware
2022-01-28 18:55:30,723 INFO 60559 [egg-security] use nosniff middleware
2022-01-28 18:55:30,723 INFO 60559 [egg-security] use xssProtection middleware
2022-01-28 18:55:30,723 INFO 60559 [egg-security] use dta middleware
2022-01-28 18:55:30,723 INFO 60559 [egg-security] compose 6 middlewares into one security middleware
2022-01-28 18:55:30,725 INFO 60559 [egg:core] dump config after load, 1ms
2022-01-28 18:55:30,725 INFO 60559 [egg-watcher:application] watcher start success
2022-01-28 18:55:30,727 INFO 60559 [egg:core] dump config after ready, 1ms
2022-01-28 18:55:44,562 INFO 60744 [egg:logger] init all loggers with options: {"dir":"/Users/melon95/resposity/workday/logs/webcontainer-egg","encoding":"utf8","env":"local","level":"INFO","consoleLevel":"INFO","disableConsoleAfterReady":false,"outputJSON":false,"buffer":true,"appLogName":"webcontainer-egg-web.log","coreLogName":"egg-web.log","agentLogName":"egg-agent.log","errorLogName":"common-error.log","coreLogger":{"consoleLevel":"WARN"},"allowDebugAtProd":false,"type":"application"}
2022-01-28 18:55:44,564 INFO 60744 [egg-multipart] stream mode enable
2022-01-28 18:55:44,593 INFO 60744 [egg-static] starting static serve /public/ -> /Users/melon95/resposity/workday/app/public
2022-01-28 18:55:44,594 INFO 60744 [egg-security] use csrf middleware
2022-01-28 18:55:44,594 INFO 60744 [egg-security] use methodnoallow middleware
2022-01-28 18:55:44,594 INFO 60744 [egg-security] use noopen middleware
2022-01-28 18:55:44,594 INFO 60744 [egg-security] use nosniff middleware
2022-01-28 18:55:44,594 INFO 60744 [egg-security] use xssProtection middleware
2022-01-28 18:55:44,594 INFO 60744 [egg-security] use dta middleware
2022-01-28 18:55:44,594 INFO 60744 [egg-security] compose 6 middlewares into one security middleware
2022-01-28 18:55:44,596 INFO 60744 [egg:core] dump config after load, 1ms
2022-01-28 18:55:44,597 INFO 60744 [egg-watcher:application] watcher start success
2022-01-28 18:55:44,598 INFO 60744 [egg:core] dump config after ready, 1ms
2022-01-28 18:57:56,576 INFO 61909 [egg:logger] init all loggers with options: {"dir":"/Users/melon95/resposity/workday/logs/webcontainer-egg","encoding":"utf8","env":"local","level":"INFO","consoleLevel":"INFO","disableConsoleAfterReady":false,"outputJSON":false,"buffer":true,"appLogName":"webcontainer-egg-web.log","coreLogName":"egg-web.log","agentLogName":"egg-agent.log","errorLogName":"common-error.log","coreLogger":{"consoleLevel":"WARN"},"allowDebugAtProd":false,"type":"application"}
2022-01-28 18:57:56,578 INFO 61909 [egg-multipart] stream mode enable
2022-01-28 18:57:56,609 INFO 61909 [egg-static] starting static serve /public/ -> /Users/melon95/resposity/workday/app/public
2022-01-28 18:57:56,609 INFO 61909 [egg-security] use csrf middleware
2022-01-28 18:57:56,610 INFO 61909 [egg-security] use methodnoallow middleware
2022-01-28 18:57:56,610 INFO 61909 [egg-security] use noopen middleware
2022-01-28 18:57:56,610 INFO 61909 [egg-security] use nosniff middleware
2022-01-28 18:57:56,610 INFO 61909 [egg-security] use xssProtection middleware
2022-01-28 18:57:56,610 INFO 61909 [egg-security] use dta middleware
2022-01-28 18:57:56,610 INFO 61909 [egg-security] compose 6 middlewares into one security middleware
2022-01-28 18:57:56,612 INFO 61909 [egg:core] dump config after load, 1ms
2022-01-28 18:57:56,612 INFO 61909 [egg-watcher:application] watcher start success
2022-01-28 18:57:56,614 INFO 61909 [egg:core] dump config after ready, 1ms
2022-01-28 19:04:33,923 INFO 65241 [egg:logger] init all loggers with options: {"dir":"/Users/melon95/resposity/workday/logs/webcontainer-egg","encoding":"utf8","env":"local","level":"INFO","consoleLevel":"INFO","disableConsoleAfterReady":false,"outputJSON":false,"buffer":true,"appLogName":"webcontainer-egg-web.log","coreLogName":"egg-web.log","agentLogName":"egg-agent.log","errorLogName":"common-error.log","coreLogger":{"consoleLevel":"WARN"},"allowDebugAtProd":false,"type":"application"}
2022-01-28 19:04:33,925 INFO 65241 [egg-multipart] stream mode enable
2022-01-28 19:04:33,954 INFO 65241 [egg-static] starting static serve /public/ -> /Users/melon95/resposity/workday/app/public
2022-01-28 19:04:33,955 INFO 65241 [egg-security] use csrf middleware
2022-01-28 19:04:33,955 INFO 65241 [egg-security] use methodnoallow middleware
2022-01-28 19:04:33,955 INFO 65241 [egg-security] use noopen middleware
2022-01-28 19:04:33,956 INFO 65241 [egg-security] use nosniff middleware
2022-01-28 19:04:33,956 INFO 65241 [egg-security] use xssProtection middleware
2022-01-28 19:04:33,956 INFO 65241 [egg-security] use dta middleware
2022-01-28 19:04:33,956 INFO 65241 [egg-security] compose 6 middlewares into one security middleware
2022-01-28 19:04:33,958 INFO 65241 [egg:core] dump config after load, 1ms
2022-01-28 19:04:33,958 INFO 65241 [egg-watcher:application] watcher start success
2022-01-28 19:04:33,959 INFO 65241 [egg:core] dump config after ready, 1ms
2022-01-28 19:06:10,877 INFO 66103 [egg:logger] init all loggers with options: {"dir":"/Users/melon95/resposity/workday/logs/webcontainer-egg","encoding":"utf8","env":"local","level":"INFO","consoleLevel":"INFO","disableConsoleAfterReady":false,"outputJSON":false,"buffer":true,"appLogName":"webcontainer-egg-web.log","coreLogName":"egg-web.log","agentLogName":"egg-agent.log","errorLogName":"common-error.log","coreLogger":{"consoleLevel":"WARN"},"allowDebugAtProd":false,"type":"application"}
2022-01-28 19:06:10,879 INFO 66103 [egg-multipart] stream mode enable
2022-01-28 19:06:10,908 INFO 66103 [egg-static] starting static serve /public/ -> /Users/melon95/resposity/workday/app/public
2022-01-28 19:06:10,909 INFO 66103 [egg-security] use csrf middleware
2022-01-28 19:06:10,909 INFO 66103 [egg-security] use methodnoallow middleware
2022-01-28 19:06:10,909 INFO 66103 [egg-security] use noopen middleware
2022-01-28 19:06:10,909 INFO 66103 [egg-security] use nosniff middleware
2022-01-28 19:06:10,909 INFO 66103 [egg-security] use xssProtection middleware
2022-01-28 19:06:10,909 INFO 66103 [egg-security] use dta middleware
2022-01-28 19:06:10,909 INFO 66103 [egg-security] compose 6 middlewares into one security middleware
2022-01-28 19:06:10,911 INFO 66103 [egg:core] dump config after load, 1ms
2022-01-28 19:06:10,912 INFO 66103 [egg-watcher:application] watcher start success
2022-01-28 19:06:10,913 INFO 66103 [egg:core] dump config after ready, 1ms
2022-01-28 19:07:22,256 INFO 66754 [egg:logger] init all loggers with options: {"dir":"/Users/melon95/resposity/workday/logs/webcontainer-egg","encoding":"utf8","env":"local","level":"INFO","consoleLevel":"INFO","disableConsoleAfterReady":false,"outputJSON":false,"buffer":true,"appLogName":"webcontainer-egg-web.log","coreLogName":"egg-web.log","agentLogName":"egg-agent.log","errorLogName":"common-error.log","coreLogger":{"consoleLevel":"WARN"},"allowDebugAtProd":false,"type":"application"}
2022-01-28 19:07:22,258 INFO 66754 [egg-multipart] stream mode enable
2022-01-28 19:07:22,285 INFO 66754 [egg-static] starting static serve /public/ -> /Users/melon95/resposity/workday/app/public
2022-01-28 19:07:22,285 INFO 66754 [egg-security] use csrf middleware
2022-01-28 19:07:22,285 INFO 66754 [egg-security] use methodnoallow middleware
2022-01-28 19:07:22,286 INFO 66754 [egg-security] use noopen middleware
2022-01-28 19:07:22,286 INFO 66754 [egg-security] use nosniff middleware
2022-01-28 19:07:22,286 INFO 66754 [egg-security] use xssProtection middleware
2022-01-28 19:07:22,286 INFO 66754 [egg-security] use dta middleware
2022-01-28 19:07:22,286 INFO 66754 [egg-security] compose 6 middlewares into one security middleware
2022-01-28 19:07:22,288 INFO 66754 [egg:core] dump config after load, 1ms
2022-01-28 19:07:22,288 INFO 66754 [egg-watcher:application] watcher start success
2022-01-28 19:07:22,290 INFO 66754 [egg:core] dump config after ready, 1ms
2022-01-28 19:11:36,118 INFO 68910 [egg:logger] init all loggers with options: {"dir":"/Users/melon95/resposity/workday/logs/webcontainer-egg","encoding":"utf8","env":"local","level":"INFO","consoleLevel":"INFO","disableConsoleAfterReady":false,"outputJSON":false,"buffer":true,"appLogName":"webcontainer-egg-web.log","coreLogName":"egg-web.log","agentLogName":"egg-agent.log","errorLogName":"common-error.log","coreLogger":{"consoleLevel":"WARN"},"allowDebugAtProd":false,"type":"application"}
2022-01-28 19:11:36,120 INFO 68910 [egg-multipart] stream mode enable
2022-01-28 19:11:36,150 INFO 68910 [egg-static] starting static serve /public/ -> /Users/melon95/resposity/workday/app/public
2022-01-28 19:11:36,151 INFO 68910 [egg-security] use csrf middleware
2022-01-28 19:11:36,151 INFO 68910 [egg-security] use methodnoallow middleware
2022-01-28 19:11:36,151 INFO 68910 [egg-security] use noopen middleware
2022-01-28 19:11:36,151 INFO 68910 [egg-security] use nosniff middleware
2022-01-28 19:11:36,151 INFO 68910 [egg-security] use xssProtection middleware
2022-01-28 19:11:36,151 INFO 68910 [egg-security] use dta middleware
2022-01-28 19:11:36,151 INFO 68910 [egg-security] compose 6 middlewares into one security middleware
2022-01-28 19:11:36,153 INFO 68910 [egg:core] dump config after load, 1ms
2022-01-28 19:11:36,153 INFO 68910 [egg-watcher:application] watcher start success
2022-01-28 19:11:36,155 INFO 68910 [egg:core] dump config after ready, 1ms
2022-01-28 19:12:43,884 INFO 69598 [egg:logger] init all loggers with options: {"dir":"/Users/melon95/resposity/workday/logs/webcontainer-egg","encoding":"utf8","env":"local","level":"INFO","consoleLevel":"INFO","disableConsoleAfterReady":false,"outputJSON":false,"buffer":true,"appLogName":"webcontainer-egg-web.log","coreLogName":"egg-web.log","agentLogName":"egg-agent.log","errorLogName":"common-error.log","coreLogger":{"consoleLevel":"WARN"},"allowDebugAtProd":false,"type":"application"}
2022-01-28 19:12:43,886 INFO 69598 [egg-multipart] stream mode enable
2022-01-28 19:12:43,929 INFO 69598 [egg-static] starting static serve /public/ -> /Users/melon95/resposity/workday/app/public
2022-01-28 19:12:43,930 INFO 69598 [egg-security] use csrf middleware
2022-01-28 19:12:43,931 INFO 69598 [egg-security] use methodnoallow middleware
2022-01-28 19:12:43,931 INFO 69598 [egg-security] use noopen middleware
2022-01-28 19:12:43,931 INFO 69598 [egg-security] use nosniff middleware
2022-01-28 19:12:43,931 INFO 69598 [egg-security] use xssProtection middleware
2022-01-28 19:12:43,931 INFO 69598 [egg-security] use dta middleware
2022-01-28 19:12:43,931 INFO 69598 [egg-security] compose 6 middlewares into one security middleware
2022-01-28 19:12:43,933 INFO 69598 [egg-watcher:application] watcher start success
2022-01-28 19:12:43,935 INFO 69598 [egg:core] dump config after ready, 1ms
2022-01-28 19:19:43,891 INFO 73076 [egg:logger] init all loggers with options: {"dir":"/Users/melon95/resposity/workday/logs/webcontainer-egg","encoding":"utf8","env":"local","level":"INFO","consoleLevel":"INFO","disableConsoleAfterReady":false,"outputJSON":false,"buffer":true,"appLogName":"webcontainer-egg-web.log","coreLogName":"egg-web.log","agentLogName":"egg-agent.log","errorLogName":"common-error.log","coreLogger":{"consoleLevel":"WARN"},"allowDebugAtProd":false,"type":"application"}
2022-01-28 19:19:43,893 INFO 73076 [egg-multipart] stream mode enable
2022-01-28 19:19:43,936 INFO 73076 [egg-static] starting static serve /public/ -> /Users/melon95/resposity/workday/app/public
2022-01-28 19:19:43,937 INFO 73076 [egg-security] use csrf middleware
2022-01-28 19:19:43,937 INFO 73076 [egg-security] use methodnoallow middleware
2022-01-28 19:19:43,937 INFO 73076 [egg-security] use noopen middleware
2022-01-28 19:19:43,937 INFO 73076 [egg-security] use nosniff middleware
2022-01-28 19:19:43,937 INFO 73076 [egg-security] use xssProtection middleware
2022-01-28 19:19:43,938 INFO 73076 [egg-security] use dta middleware
2022-01-28 19:19:43,938 INFO 73076 [egg-security] compose 6 middlewares into one security middleware
2022-01-28 19:19:43,940 INFO 73076 [egg-watcher:application] watcher start success
2022-01-28 19:19:43,941 INFO 73076 [egg:core] dump config after ready, 1ms
2022-01-28 19:20:09,785 INFO 73360 [egg:logger] init all loggers with options: {"dir":"/Users/melon95/resposity/workday/logs/webcontainer-egg","encoding":"utf8","env":"local","level":"INFO","consoleLevel":"INFO","disableConsoleAfterReady":false,"outputJSON":false,"buffer":true,"appLogName":"webcontainer-egg-web.log","coreLogName":"egg-web.log","agentLogName":"egg-agent.log","errorLogName":"common-error.log","coreLogger":{"consoleLevel":"WARN"},"allowDebugAtProd":false,"type":"application"}
2022-01-28 19:20:09,787 INFO 73360 [egg-multipart] stream mode enable
2022-01-28 19:20:09,814 INFO 73360 [egg-static] starting static serve /public/ -> /Users/melon95/resposity/workday/app/public
2022-01-28 19:20:09,815 INFO 73360 [egg-security] use csrf middleware
2022-01-28 19:20:09,815 INFO 73360 [egg-security] use methodnoallow middleware
2022-01-28 19:20:09,815 INFO 73360 [egg-security] use noopen middleware
2022-01-28 19:20:09,815 INFO 73360 [egg-security] use nosniff middleware
2022-01-28 19:20:09,815 INFO 73360 [egg-security] use xssProtection middleware
2022-01-28 19:20:09,815 INFO 73360 [egg-security] use dta middleware
2022-01-28 19:20:09,815 INFO 73360 [egg-security] compose 6 middlewares into one security middleware
2022-01-28 19:20:09,817 INFO 73360 [egg-watcher:application] watcher start success
2022-01-28 19:20:09,822 INFO 73360 [egg:core] dump config after ready, 2ms
2022-01-28 19:21:12,474 INFO 73956 [egg:logger] init all loggers with options: {"dir":"/Users/melon95/resposity/workday/logs/webcontainer-egg","encoding":"utf8","env":"local","level":"INFO","consoleLevel":"INFO","disableConsoleAfterReady":false,"outputJSON":false,"buffer":true,"appLogName":"webcontainer-egg-web.log","coreLogName":"egg-web.log","agentLogName":"egg-agent.log","errorLogName":"common-error.log","coreLogger":{"consoleLevel":"WARN"},"allowDebugAtProd":false,"type":"application"}
2022-01-28 19:21:12,476 INFO 73956 [egg-multipart] stream mode enable
2022-01-28 19:21:12,518 INFO 73956 [egg-static] starting static serve /public/ -> /Users/melon95/resposity/workday/app/public
2022-01-28 19:21:12,519 INFO 73956 [egg-security] use csrf middleware
2022-01-28 19:21:12,519 INFO 73956 [egg-security] use methodnoallow middleware
2022-01-28 19:21:12,519 INFO 73956 [egg-security] use noopen middleware
2022-01-28 19:21:12,519 INFO 73956 [egg-security] use nosniff middleware
2022-01-28 19:21:12,520 INFO 73956 [egg-security] use xssProtection middleware
2022-01-28 19:21:12,520 INFO 73956 [egg-security] use dta middleware
2022-01-28 19:21:12,520 INFO 73956 [egg-security] compose 6 middlewares into one security middleware
2022-01-28 19:21:12,522 INFO 73956 [egg-watcher:application] watcher start success
2022-01-28 19:21:12,523 INFO 73956 [egg:core] dump config after ready, 1ms
2022-01-28 19:22:27,671 INFO 74631 [egg:logger] init all loggers with options: {"dir":"/Users/melon95/resposity/workday/logs/webcontainer-egg","encoding":"utf8","env":"local","level":"INFO","consoleLevel":"INFO","disableConsoleAfterReady":false,"outputJSON":false,"buffer":true,"appLogName":"webcontainer-egg-web.log","coreLogName":"egg-web.log","agentLogName":"egg-agent.log","errorLogName":"common-error.log","coreLogger":{"consoleLevel":"WARN"},"allowDebugAtProd":false,"type":"application"}
2022-01-28 19:22:27,673 INFO 74631 [egg-multipart] stream mode enable
2022-01-28 19:22:27,702 INFO 74631 [egg-static] starting static serve /public/ -> /Users/melon95/resposity/workday/app/public
2022-01-28 19:22:27,703 INFO 74631 [egg-security] use csrf middleware
2022-01-28 19:22:27,703 INFO 74631 [egg-security] use methodnoallow middleware
2022-01-28 19:22:27,703 INFO 74631 [egg-security] use noopen middleware
2022-01-28 19:22:27,704 INFO 74631 [egg-security] use nosniff middleware
2022-01-28 19:22:27,704 INFO 74631 [egg-security] use xssProtection middleware
2022-01-28 19:22:27,704 INFO 74631 [egg-security] use dta middleware
2022-01-28 19:22:27,704 INFO 74631 [egg-security] compose 6 middlewares into one security middleware
2022-01-28 19:22:27,706 INFO 74631 [egg:core] dump config after load, 1ms
2022-01-28 19:22:27,706 INFO 74631 [egg-watcher:application] watcher start success
2022-01-28 19:22:27,707 INFO 74631 [egg:core] dump config after ready, 1ms
2022-01-28 19:22:45,208 INFO 74856 [egg:logger] init all loggers with options: {"dir":"/Users/melon95/resposity/workday/logs/webcontainer-egg","encoding":"utf8","env":"local","level":"INFO","consoleLevel":"INFO","disableConsoleAfterReady":false,"outputJSON":false,"buffer":true,"appLogName":"webcontainer-egg-web.log","coreLogName":"egg-web.log","agentLogName":"egg-agent.log","errorLogName":"common-error.log","coreLogger":{"consoleLevel":"WARN"},"allowDebugAtProd":false,"type":"application"}
2022-01-28 19:22:45,210 INFO 74856 [egg-multipart] stream mode enable
2022-01-28 19:22:45,239 INFO 74856 [egg-static] starting static serve /public/ -> /Users/melon95/resposity/workday/app/public
2022-01-28 19:22:45,240 INFO 74856 [egg-security] use csrf middleware
2022-01-28 19:22:45,240 INFO 74856 [egg-security] use methodnoallow middleware
2022-01-28 19:22:45,240 INFO 74856 [egg-security] use noopen middleware
2022-01-28 19:22:45,240 INFO 74856 [egg-security] use nosniff middleware
2022-01-28 19:22:45,240 INFO 74856 [egg-security] use xssProtection middleware
2022-01-28 19:22:45,240 INFO 74856 [egg-security] use dta middleware
2022-01-28 19:22:45,240 INFO 74856 [egg-security] compose 6 middlewares into one security middleware
2022-01-28 19:22:45,243 INFO 74856 [egg:core] dump config after load, 1ms
2022-01-28 19:22:45,243 INFO 74856 [egg-watcher:application] watcher start success
2022-01-28 19:22:45,244 INFO 74856 [egg:core] dump config after ready, 1ms
2022-01-28 19:23:32,104 INFO 75355 [egg:logger] init all loggers with options: {"dir":"/Users/melon95/resposity/workday/logs/webcontainer-egg","encoding":"utf8","env":"local","level":"INFO","consoleLevel":"INFO","disableConsoleAfterReady":false,"outputJSON":false,"buffer":true,"appLogName":"webcontainer-egg-web.log","coreLogName":"egg-web.log","agentLogName":"egg-agent.log","errorLogName":"common-error.log","coreLogger":{"consoleLevel":"WARN"},"allowDebugAtProd":false,"type":"application"}
2022-01-28 19:23:32,105 INFO 75355 [egg-multipart] stream mode enable
2022-01-28 19:23:32,131 INFO 75355 [egg-static] starting static serve /public/ -> /Users/melon95/resposity/workday/app/public
2022-01-28 19:23:32,132 INFO 75355 [egg-security] use csrf middleware
2022-01-28 19:23:32,132 INFO 75355 [egg-security] use methodnoallow middleware
2022-01-28 19:23:32,132 INFO 75355 [egg-security] use noopen middleware
2022-01-28 19:23:32,132 INFO 75355 [egg-security] use nosniff middleware
2022-01-28 19:23:32,133 INFO 75355 [egg-security] use xssProtection middleware
2022-01-28 19:23:32,133 INFO 75355 [egg-security] use dta middleware
2022-01-28 19:23:32,133 INFO 75355 [egg-security] compose 6 middlewares into one security middleware
2022-01-28 19:23:32,135 INFO 75355 [egg:core] dump config after load, 1ms
2022-01-28 19:23:32,135 INFO 75355 [egg-watcher:application] watcher start success
2022-01-28 19:23:32,136 INFO 75355 [egg:core] dump config after ready, 1ms
2022-01-28 19:25:20,331 INFO 76323 [egg:logger] init all loggers with options: {"dir":"/Users/melon95/resposity/workday/logs/webcontainer-egg","encoding":"utf8","env":"local","level":"INFO","consoleLevel":"INFO","disableConsoleAfterReady":false,"outputJSON":false,"buffer":true,"appLogName":"webcontainer-egg-web.log","coreLogName":"egg-web.log","agentLogName":"egg-agent.log","errorLogName":"common-error.log","coreLogger":{"consoleLevel":"WARN"},"allowDebugAtProd":false,"type":"application"}
2022-01-28 19:25:20,333 INFO 76323 [egg-multipart] stream mode enable
2022-01-28 19:25:20,379 INFO 76323 [egg-static] starting static serve /public/ -> /Users/melon95/resposity/workday/app/public
2022-01-28 19:25:20,380 INFO 76323 [egg-security] use csrf middleware
2022-01-28 19:25:20,380 INFO 76323 [egg-security] use methodnoallow middleware
2022-01-28 19:25:20,380 INFO 76323 [egg-security] use noopen middleware
2022-01-28 19:25:20,380 INFO 76323 [egg-security] use nosniff middleware
2022-01-28 19:25:20,380 INFO 76323 [egg-security] use xssProtection middleware
2022-01-28 19:25:20,381 INFO 76323 [egg-security] use dta middleware
2022-01-28 19:25:20,381 INFO 76323 [egg-security] compose 6 middlewares into one security middleware
2022-01-28 19:25:20,384 INFO 76323 [egg:core] dump config after load, 2ms
2022-01-28 19:25:20,384 INFO 76323 [egg-watcher:application] watcher start success
2022-01-28 19:25:20,385 INFO 76323 [egg:core] dump config after ready, 1ms
2022-01-28 19:26:16,272 INFO 76931 [egg:logger] init all loggers with options: {"dir":"/Users/melon95/resposity/workday/logs/webcontainer-egg","encoding":"utf8","env":"local","level":"INFO","consoleLevel":"INFO","disableConsoleAfterReady":false,"outputJSON":false,"buffer":true,"appLogName":"webcontainer-egg-web.log","coreLogName":"egg-web.log","agentLogName":"egg-agent.log","errorLogName":"common-error.log","coreLogger":{"consoleLevel":"WARN"},"allowDebugAtProd":false,"type":"application"}
2022-01-28 19:26:16,274 INFO 76931 [egg-multipart] stream mode enable
2022-01-28 19:26:16,303 INFO 76931 [egg-static] starting static serve /public/ -> /Users/melon95/resposity/workday/app/public
2022-01-28 19:26:16,304 INFO 76931 [egg-security] use methodnoallow middleware
2022-01-28 19:26:16,304 INFO 76931 [egg-security] use noopen middleware
2022-01-28 19:26:16,304 INFO 76931 [egg-security] use nosniff middleware
2022-01-28 19:26:16,304 INFO 76931 [egg-security] use xssProtection middleware
2022-01-28 19:26:16,304 INFO 76931 [egg-security] use dta middleware
2022-01-28 19:26:16,304 INFO 76931 [egg-security] compose 5 middlewares into one security middleware
2022-01-28 19:26:16,307 INFO 76931 [egg:core] dump config after load, 2ms
2022-01-28 19:26:16,307 INFO 76931 [egg-watcher:application] watcher start success
2022-01-28 19:26:16,309 INFO 76931 [egg:core] dump config after ready, 1ms
2022-01-28 19:26:19,798 ERROR 76931 nodejs.TypeError: Cannot read property 'config' of undefined
    at Object.get [egg-security#CSRF_SECRET] (/Users/melon95/resposity/workday/node_modules/egg-security/app/extend/context.js:83:60)
    at Object.get csrf [as csrf] (/Users/melon95/resposity/workday/node_modules/egg-security/app/extend/context.js:67:49)
    at /Users/melon95/resposity/workday/node_modules/nedb/lib/model.js:130:30
    at Array.forEach (<anonymous>)
    at deepCopy (/Users/melon95/resposity/workday/node_modules/nedb/lib/model.js:128:22)
    at /Users/melon95/resposity/workday/node_modules/nedb/lib/model.js:130:18
    at Array.forEach (<anonymous>)
    at deepCopy (/Users/melon95/resposity/workday/node_modules/nedb/lib/model.js:128:22)
    at /Users/melon95/resposity/workday/node_modules/nedb/lib/model.js:130:18
    at Array.forEach (<anonymous>)

pid: 76931
hostname: lijundeMBP

2022-01-28 19:28:48,846 INFO 78238 [egg:logger] init all loggers with options: {"dir":"/Users/melon95/resposity/workday/logs/webcontainer-egg","encoding":"utf8","env":"local","level":"INFO","consoleLevel":"INFO","disableConsoleAfterReady":false,"outputJSON":false,"buffer":true,"appLogName":"webcontainer-egg-web.log","coreLogName":"egg-web.log","agentLogName":"egg-agent.log","errorLogName":"common-error.log","coreLogger":{"consoleLevel":"WARN"},"allowDebugAtProd":false,"type":"application"}
2022-01-28 19:28:48,848 INFO 78238 [egg-multipart] stream mode enable
2022-01-28 19:28:48,877 INFO 78238 [egg-static] starting static serve /public/ -> /Users/melon95/resposity/workday/app/public
2022-01-28 19:28:48,878 INFO 78238 [egg-security] use methodnoallow middleware
2022-01-28 19:28:48,878 INFO 78238 [egg-security] use noopen middleware
2022-01-28 19:28:48,878 INFO 78238 [egg-security] use nosniff middleware
2022-01-28 19:28:48,878 INFO 78238 [egg-security] use xssProtection middleware
2022-01-28 19:28:48,878 INFO 78238 [egg-security] use dta middleware
2022-01-28 19:28:48,878 INFO 78238 [egg-security] compose 5 middlewares into one security middleware
2022-01-28 19:28:48,881 INFO 78238 [egg:core] dump config after load, 1ms
2022-01-28 19:28:48,881 INFO 78238 [egg-watcher:application] watcher start success
2022-01-28 19:28:48,882 INFO 78238 [egg:core] dump config after ready, 1ms
2022-01-28 19:28:52,063 ERROR 78238 nodejs.TypeError: Cannot read property 'config' of undefined
    at Object.get [egg-security#CSRF_SECRET] (/Users/melon95/resposity/workday/node_modules/egg-security/app/extend/context.js:83:60)
    at Object.get csrf [as csrf] (/Users/melon95/resposity/workday/node_modules/egg-security/app/extend/context.js:67:49)
    at /Users/melon95/resposity/workday/node_modules/nedb/lib/model.js:130:30
    at Array.forEach (<anonymous>)
    at deepCopy (/Users/melon95/resposity/workday/node_modules/nedb/lib/model.js:128:22)
    at /Users/melon95/resposity/workday/node_modules/nedb/lib/model.js:130:18
    at Array.forEach (<anonymous>)
    at deepCopy (/Users/melon95/resposity/workday/node_modules/nedb/lib/model.js:128:22)
    at /Users/melon95/resposity/workday/node_modules/nedb/lib/model.js:130:18
    at Array.forEach (<anonymous>)

pid: 78238
hostname: lijundeMBP

2022-01-28 19:31:08,201 INFO 79473 [egg:logger] init all loggers with options: {"dir":"/Users/melon95/resposity/workday/logs/webcontainer-egg","encoding":"utf8","env":"local","level":"INFO","consoleLevel":"INFO","disableConsoleAfterReady":false,"outputJSON":false,"buffer":true,"appLogName":"webcontainer-egg-web.log","coreLogName":"egg-web.log","agentLogName":"egg-agent.log","errorLogName":"common-error.log","coreLogger":{"consoleLevel":"WARN"},"allowDebugAtProd":false,"type":"application"}
2022-01-28 19:31:08,203 INFO 79473 [egg-multipart] stream mode enable
2022-01-28 19:31:08,232 INFO 79473 [egg-static] starting static serve /public/ -> /Users/melon95/resposity/workday/app/public
2022-01-28 19:31:08,234 INFO 79473 [egg-security] use csrf middleware
2022-01-28 19:31:08,234 INFO 79473 [egg-security] use methodnoallow middleware
2022-01-28 19:31:08,234 INFO 79473 [egg-security] use noopen middleware
2022-01-28 19:31:08,234 INFO 79473 [egg-security] use nosniff middleware
2022-01-28 19:31:08,235 INFO 79473 [egg-security] use xssProtection middleware
2022-01-28 19:31:08,235 INFO 79473 [egg-security] use dta middleware
2022-01-28 19:31:08,235 INFO 79473 [egg-security] compose 6 middlewares into one security middleware
2022-01-28 19:31:08,237 INFO 79473 [egg:core] dump config after load, 1ms
2022-01-28 19:31:08,237 INFO 79473 [egg-watcher:application] watcher start success
2022-01-28 19:31:08,238 INFO 79473 [egg:core] dump config after ready, 1ms
2022-01-28 19:31:24,986 INFO 79675 [egg:logger] init all loggers with options: {"dir":"/Users/melon95/resposity/workday/logs/webcontainer-egg","encoding":"utf8","env":"local","level":"INFO","consoleLevel":"INFO","disableConsoleAfterReady":false,"outputJSON":false,"buffer":true,"appLogName":"webcontainer-egg-web.log","coreLogName":"egg-web.log","agentLogName":"egg-agent.log","errorLogName":"common-error.log","coreLogger":{"consoleLevel":"WARN"},"allowDebugAtProd":false,"type":"application"}
2022-01-28 19:31:24,988 INFO 79675 [egg-multipart] stream mode enable
2022-01-28 19:31:25,018 INFO 79675 [egg-static] starting static serve /public/ -> /Users/melon95/resposity/workday/app/public
2022-01-28 19:31:25,018 INFO 79675 [egg-security] use csrf middleware
2022-01-28 19:31:25,019 INFO 79675 [egg-security] use methodnoallow middleware
2022-01-28 19:31:25,019 INFO 79675 [egg-security] use noopen middleware
2022-01-28 19:31:25,019 INFO 79675 [egg-security] use nosniff middleware
2022-01-28 19:31:25,019 INFO 79675 [egg-security] use xssProtection middleware
2022-01-28 19:31:25,019 INFO 79675 [egg-security] use dta middleware
2022-01-28 19:31:25,019 INFO 79675 [egg-security] compose 6 middlewares into one security middleware
2022-01-28 19:31:25,021 INFO 79675 [egg:core] dump config after load, 1ms
2022-01-28 19:31:25,021 INFO 79675 [egg-watcher:application] watcher start success
2022-01-28 19:31:25,023 INFO 79675 [egg:core] dump config after ready, 1ms
2022-01-28 19:31:57,247 INFO 80009 [egg:logger] init all loggers with options: {"dir":"/Users/melon95/resposity/workday/logs/webcontainer-egg","encoding":"utf8","env":"local","level":"INFO","consoleLevel":"INFO","disableConsoleAfterReady":false,"outputJSON":false,"buffer":true,"appLogName":"webcontainer-egg-web.log","coreLogName":"egg-web.log","agentLogName":"egg-agent.log","errorLogName":"common-error.log","coreLogger":{"consoleLevel":"WARN"},"allowDebugAtProd":false,"type":"application"}
2022-01-28 19:31:57,249 INFO 80009 [egg-multipart] stream mode enable
2022-01-28 19:31:57,279 INFO 80009 [egg-static] starting static serve /public/ -> /Users/melon95/resposity/workday/app/public
2022-01-28 19:31:57,279 INFO 80009 [egg-security] use methodnoallow middleware
2022-01-28 19:31:57,279 INFO 80009 [egg-security] use noopen middleware
2022-01-28 19:31:57,280 INFO 80009 [egg-security] use nosniff middleware
2022-01-28 19:31:57,280 INFO 80009 [egg-security] use xssProtection middleware
2022-01-28 19:31:57,280 INFO 80009 [egg-security] use dta middleware
2022-01-28 19:31:57,280 INFO 80009 [egg-security] compose 5 middlewares into one security middleware
2022-01-28 19:31:57,282 INFO 80009 [egg:core] dump config after load, 1ms
2022-01-28 19:31:57,282 INFO 80009 [egg-watcher:application] watcher start success
2022-01-28 19:31:57,283 INFO 80009 [egg:core] dump config after ready, 1ms
2022-01-28 19:32:02,837 ERROR 80009 nodejs.TypeError: Cannot read property 'config' of undefined
    at Object.get [egg-security#CSRF_SECRET] (/Users/melon95/resposity/workday/node_modules/egg-security/app/extend/context.js:83:60)
    at Object.get csrf [as csrf] (/Users/melon95/resposity/workday/node_modules/egg-security/app/extend/context.js:67:49)
    at /Users/melon95/resposity/workday/node_modules/nedb/lib/model.js:130:30
    at Array.forEach (<anonymous>)
    at deepCopy (/Users/melon95/resposity/workday/node_modules/nedb/lib/model.js:128:22)
    at /Users/melon95/resposity/workday/node_modules/nedb/lib/model.js:130:18
    at Array.forEach (<anonymous>)
    at deepCopy (/Users/melon95/resposity/workday/node_modules/nedb/lib/model.js:128:22)
    at /Users/melon95/resposity/workday/node_modules/nedb/lib/model.js:130:18
    at Array.forEach (<anonymous>)

pid: 80009
hostname: lijundeMBP

2022-01-28 19:32:29,391 INFO 80332 [egg:logger] init all loggers with options: {"dir":"/Users/melon95/resposity/workday/logs/webcontainer-egg","encoding":"utf8","env":"local","level":"INFO","consoleLevel":"INFO","disableConsoleAfterReady":false,"outputJSON":false,"buffer":true,"appLogName":"webcontainer-egg-web.log","coreLogName":"egg-web.log","agentLogName":"egg-agent.log","errorLogName":"common-error.log","coreLogger":{"consoleLevel":"WARN"},"allowDebugAtProd":false,"type":"application"}
2022-01-28 19:32:29,393 INFO 80332 [egg-multipart] stream mode enable
2022-01-28 19:32:29,422 INFO 80332 [egg-static] starting static serve /public/ -> /Users/melon95/resposity/workday/app/public
2022-01-28 19:32:29,423 INFO 80332 [egg-security] use methodnoallow middleware
2022-01-28 19:32:29,423 INFO 80332 [egg-security] use noopen middleware
2022-01-28 19:32:29,423 INFO 80332 [egg-security] use nosniff middleware
2022-01-28 19:32:29,423 INFO 80332 [egg-security] use xssProtection middleware
2022-01-28 19:32:29,424 INFO 80332 [egg-security] use dta middleware
2022-01-28 19:32:29,424 INFO 80332 [egg-security] compose 5 middlewares into one security middleware
2022-01-28 19:32:29,426 INFO 80332 [egg:core] dump config after load, 1ms
2022-01-28 19:32:29,426 INFO 80332 [egg-watcher:application] watcher start success
2022-01-28 19:32:29,427 INFO 80332 [egg:core] dump config after ready, 1ms
2022-01-28 19:32:32,468 ERROR 80332 nodejs.TypeError: Cannot read property 'config' of undefined
    at Object.get [egg-security#CSRF_SECRET] (/Users/melon95/resposity/workday/node_modules/egg-security/app/extend/context.js:83:60)
    at Object.get csrf [as csrf] (/Users/melon95/resposity/workday/node_modules/egg-security/app/extend/context.js:67:49)
    at /Users/melon95/resposity/workday/node_modules/nedb/lib/model.js:130:30
    at Array.forEach (<anonymous>)
    at deepCopy (/Users/melon95/resposity/workday/node_modules/nedb/lib/model.js:128:22)
    at /Users/melon95/resposity/workday/node_modules/nedb/lib/model.js:130:18
    at Array.forEach (<anonymous>)
    at deepCopy (/Users/melon95/resposity/workday/node_modules/nedb/lib/model.js:128:22)
    at /Users/melon95/resposity/workday/node_modules/nedb/lib/model.js:130:18
    at Array.forEach (<anonymous>)

pid: 80332
hostname: lijundeMBP

2022-01-28 19:33:08,082 INFO 80712 [egg:logger] init all loggers with options: {"dir":"/Users/melon95/resposity/workday/logs/webcontainer-egg","encoding":"utf8","env":"local","level":"INFO","consoleLevel":"INFO","disableConsoleAfterReady":false,"outputJSON":false,"buffer":true,"appLogName":"webcontainer-egg-web.log","coreLogName":"egg-web.log","agentLogName":"egg-agent.log","errorLogName":"common-error.log","coreLogger":{"consoleLevel":"WARN"},"allowDebugAtProd":false,"type":"application"}
2022-01-28 19:33:08,084 INFO 80712 [egg-multipart] stream mode enable
2022-01-28 19:33:08,111 INFO 80712 [egg-static] starting static serve /public/ -> /Users/melon95/resposity/workday/app/public
2022-01-28 19:33:08,114 INFO 80712 [egg-security] use methodnoallow middleware
2022-01-28 19:33:08,114 INFO 80712 [egg-security] use noopen middleware
2022-01-28 19:33:08,114 INFO 80712 [egg-security] use nosniff middleware
2022-01-28 19:33:08,114 INFO 80712 [egg-security] use xssProtection middleware
2022-01-28 19:33:08,114 INFO 80712 [egg-security] use dta middleware
2022-01-28 19:33:08,114 INFO 80712 [egg-security] compose 5 middlewares into one security middleware
2022-01-28 19:33:08,116 INFO 80712 [egg:core] dump config after load, 0ms
2022-01-28 19:33:08,117 INFO 80712 [egg-watcher:application] watcher start success
2022-01-28 19:33:08,118 INFO 80712 [egg:core] dump config after ready, 1ms
2022-01-28 19:33:11,273 ERROR 80712 nodejs.TypeError: Cannot read property 'config' of undefined
    at Object.get [egg-security#CSRF_SECRET] (/Users/melon95/resposity/workday/node_modules/egg-security/app/extend/context.js:83:60)
    at Object.get csrf [as csrf] (/Users/melon95/resposity/workday/node_modules/egg-security/app/extend/context.js:67:49)
    at /Users/melon95/resposity/workday/node_modules/nedb/lib/model.js:130:30
    at Array.forEach (<anonymous>)
    at deepCopy (/Users/melon95/resposity/workday/node_modules/nedb/lib/model.js:128:22)
    at /Users/melon95/resposity/workday/node_modules/nedb/lib/model.js:130:18
    at Array.forEach (<anonymous>)
    at deepCopy (/Users/melon95/resposity/workday/node_modules/nedb/lib/model.js:128:22)
    at /Users/melon95/resposity/workday/node_modules/nedb/lib/model.js:130:18
    at Array.forEach (<anonymous>)

pid: 80712
hostname: lijundeMBP

2022-01-28 19:33:39,092 INFO 81026 [egg:logger] init all loggers with options: {"dir":"/Users/melon95/resposity/workday/logs/webcontainer-egg","encoding":"utf8","env":"local","level":"INFO","consoleLevel":"INFO","disableConsoleAfterReady":false,"outputJSON":false,"buffer":true,"appLogName":"webcontainer-egg-web.log","coreLogName":"egg-web.log","agentLogName":"egg-agent.log","errorLogName":"common-error.log","coreLogger":{"consoleLevel":"WARN"},"allowDebugAtProd":false,"type":"application"}
2022-01-28 19:33:39,094 INFO 81026 [egg-multipart] stream mode enable
2022-01-28 19:33:39,123 INFO 81026 [egg-static] starting static serve /public/ -> /Users/melon95/resposity/workday/app/public
2022-01-28 19:33:39,124 INFO 81026 [egg-security] use methodnoallow middleware
2022-01-28 19:33:39,124 INFO 81026 [egg-security] use noopen middleware
2022-01-28 19:33:39,124 INFO 81026 [egg-security] use nosniff middleware
2022-01-28 19:33:39,124 INFO 81026 [egg-security] use xssProtection middleware
2022-01-28 19:33:39,125 INFO 81026 [egg-security] use dta middleware
2022-01-28 19:33:39,125 INFO 81026 [egg-security] compose 5 middlewares into one security middleware
2022-01-28 19:33:39,127 INFO 81026 [egg:core] dump config after load, 1ms
2022-01-28 19:33:39,127 INFO 81026 [egg-watcher:application] watcher start success
2022-01-28 19:33:39,128 INFO 81026 [egg:core] dump config after ready, 1ms
2022-01-28 19:33:41,943 ERROR 81026 nodejs.TypeError: Cannot read property 'config' of undefined
    at Object.get [egg-security#CSRF_SECRET] (/Users/melon95/resposity/workday/node_modules/egg-security/app/extend/context.js:83:60)
    at Object.get csrf [as csrf] (/Users/melon95/resposity/workday/node_modules/egg-security/app/extend/context.js:67:49)
    at /Users/melon95/resposity/workday/node_modules/nedb/lib/model.js:130:30
    at Array.forEach (<anonymous>)
    at deepCopy (/Users/melon95/resposity/workday/node_modules/nedb/lib/model.js:128:22)
    at /Users/melon95/resposity/workday/node_modules/nedb/lib/model.js:130:18
    at Array.forEach (<anonymous>)
    at deepCopy (/Users/melon95/resposity/workday/node_modules/nedb/lib/model.js:128:22)
    at /Users/melon95/resposity/workday/node_modules/nedb/lib/model.js:130:18
    at Array.forEach (<anonymous>)

pid: 81026
hostname: lijundeMBP

2022-01-28 19:38:08,010 INFO 83255 [egg:logger] init all loggers with options: {"dir":"/Users/melon95/resposity/workday/logs/webcontainer-egg","encoding":"utf8","env":"local","level":"INFO","consoleLevel":"INFO","disableConsoleAfterReady":false,"outputJSON":false,"buffer":true,"appLogName":"webcontainer-egg-web.log","coreLogName":"egg-web.log","agentLogName":"egg-agent.log","errorLogName":"common-error.log","coreLogger":{"consoleLevel":"WARN"},"allowDebugAtProd":false,"type":"application"}
2022-01-28 19:38:08,012 INFO 83255 [egg-multipart] stream mode enable
2022-01-28 19:38:08,054 INFO 83255 [egg-static] starting static serve /public/ -> /Users/melon95/resposity/workday/app/public
2022-01-28 19:38:08,055 INFO 83255 [egg-security] use methodnoallow middleware
2022-01-28 19:38:08,055 INFO 83255 [egg-security] use noopen middleware
2022-01-28 19:38:08,055 INFO 83255 [egg-security] use nosniff middleware
2022-01-28 19:38:08,055 INFO 83255 [egg-security] use xssProtection middleware
2022-01-28 19:38:08,055 INFO 83255 [egg-security] use dta middleware
2022-01-28 19:38:08,055 INFO 83255 [egg-security] compose 5 middlewares into one security middleware
2022-01-28 19:38:08,058 INFO 83255 [egg:core] dump config after load, 1ms
2022-01-28 19:38:08,058 INFO 83255 [egg-watcher:application] watcher start success
2022-01-28 19:38:08,059 INFO 83255 [egg:core] dump config after ready, 1ms
2022-01-28 19:38:10,911 ERROR 83255 nodejs.TypeError: Cannot read property 'config' of undefined
    at Object.get [egg-security#CSRF_SECRET] (/Users/melon95/resposity/workday/node_modules/egg-security/app/extend/context.js:83:60)
    at Object.get csrf [as csrf] (/Users/melon95/resposity/workday/node_modules/egg-security/app/extend/context.js:67:49)
    at /Users/melon95/resposity/workday/node_modules/nedb/lib/model.js:130:30
    at Array.forEach (<anonymous>)
    at deepCopy (/Users/melon95/resposity/workday/node_modules/nedb/lib/model.js:128:22)
    at /Users/melon95/resposity/workday/node_modules/nedb/lib/model.js:130:18
    at Array.forEach (<anonymous>)
    at deepCopy (/Users/melon95/resposity/workday/node_modules/nedb/lib/model.js:128:22)
    at /Users/melon95/resposity/workday/node_modules/nedb/lib/model.js:130:18
    at Array.forEach (<anonymous>)

pid: 83255
hostname: lijundeMBP

2022-01-28 19:44:23,455 INFO 86345 [egg:logger] init all loggers with options: {"dir":"/Users/melon95/resposity/workday/logs/webcontainer-egg","encoding":"utf8","env":"local","level":"INFO","consoleLevel":"INFO","disableConsoleAfterReady":false,"outputJSON":false,"buffer":true,"appLogName":"webcontainer-egg-web.log","coreLogName":"egg-web.log","agentLogName":"egg-agent.log","errorLogName":"common-error.log","coreLogger":{"consoleLevel":"WARN"},"allowDebugAtProd":false,"type":"application"}
2022-01-28 19:44:23,457 INFO 86345 [egg-multipart] stream mode enable
2022-01-28 19:44:23,503 INFO 86345 [egg-static] starting static serve /public/ -> /Users/melon95/resposity/workday/app/public
2022-01-28 19:44:23,504 INFO 86345 [egg-security] use methodnoallow middleware
2022-01-28 19:44:23,504 INFO 86345 [egg-security] use noopen middleware
2022-01-28 19:44:23,504 INFO 86345 [egg-security] use nosniff middleware
2022-01-28 19:44:23,505 INFO 86345 [egg-security] use xssProtection middleware
2022-01-28 19:44:23,505 INFO 86345 [egg-security] use dta middleware
2022-01-28 19:44:23,505 INFO 86345 [egg-security] compose 5 middlewares into one security middleware
2022-01-28 19:44:23,507 INFO 86345 [egg:core] dump config after load, 1ms
2022-01-28 19:44:23,507 INFO 86345 [egg-watcher:application] watcher start success
2022-01-28 19:44:23,509 INFO 86345 [egg:core] dump config after ready, 1ms
2022-01-28 19:44:26,030 ERROR 86345 nodejs.TypeError: Cannot read property 'config' of undefined
    at Object.get [egg-security#CSRF_SECRET] (/Users/melon95/resposity/workday/node_modules/egg-security/app/extend/context.js:83:60)
    at Object.get csrf [as csrf] (/Users/melon95/resposity/workday/node_modules/egg-security/app/extend/context.js:67:49)
    at /Users/melon95/resposity/workday/node_modules/nedb/lib/model.js:130:30
    at Array.forEach (<anonymous>)
    at deepCopy (/Users/melon95/resposity/workday/node_modules/nedb/lib/model.js:128:22)
    at /Users/melon95/resposity/workday/node_modules/nedb/lib/model.js:130:18
    at Array.forEach (<anonymous>)
    at deepCopy (/Users/melon95/resposity/workday/node_modules/nedb/lib/model.js:128:22)
    at /Users/melon95/resposity/workday/node_modules/nedb/lib/model.js:130:18
    at Array.forEach (<anonymous>)

pid: 86345
hostname: lijundeMBP

2022-01-28 19:46:54,780 INFO 87622 [egg:logger] init all loggers with options: {"dir":"/Users/melon95/resposity/workday/logs/webcontainer-egg","encoding":"utf8","env":"local","level":"INFO","consoleLevel":"INFO","disableConsoleAfterReady":false,"outputJSON":false,"buffer":true,"appLogName":"webcontainer-egg-web.log","coreLogName":"egg-web.log","agentLogName":"egg-agent.log","errorLogName":"common-error.log","coreLogger":{"consoleLevel":"WARN"},"allowDebugAtProd":false,"type":"application"}
2022-01-28 19:46:54,782 INFO 87622 [egg-multipart] stream mode enable
2022-01-28 19:46:54,813 INFO 87622 [egg-static] starting static serve /public/ -> /Users/melon95/resposity/workday/app/public
2022-01-28 19:46:54,814 INFO 87622 [egg-security] use methodnoallow middleware
2022-01-28 19:46:54,814 INFO 87622 [egg-security] use noopen middleware
2022-01-28 19:46:54,814 INFO 87622 [egg-security] use nosniff middleware
2022-01-28 19:46:54,815 INFO 87622 [egg-security] use xssProtection middleware
2022-01-28 19:46:54,815 INFO 87622 [egg-security] use dta middleware
2022-01-28 19:46:54,815 INFO 87622 [egg-security] compose 5 middlewares into one security middleware
2022-01-28 19:46:54,817 INFO 87622 [egg:core] dump config after load, 1ms
2022-01-28 19:46:54,817 INFO 87622 [egg-watcher:application] watcher start success
2022-01-28 19:46:54,818 INFO 87622 [egg:core] dump config after ready, 1ms
2022-01-28 19:46:56,721 ERROR 87622 nodejs.TypeError: Cannot read property 'config' of undefined
    at Object.get [egg-security#CSRF_SECRET] (/Users/melon95/resposity/workday/node_modules/egg-security/app/extend/context.js:83:60)
    at Object.get csrf [as csrf] (/Users/melon95/resposity/workday/node_modules/egg-security/app/extend/context.js:67:49)
    at /Users/melon95/resposity/workday/node_modules/nedb/lib/model.js:130:30
    at Array.forEach (<anonymous>)
    at deepCopy (/Users/melon95/resposity/workday/node_modules/nedb/lib/model.js:128:22)
    at /Users/melon95/resposity/workday/node_modules/nedb/lib/model.js:130:18
    at Array.forEach (<anonymous>)
    at deepCopy (/Users/melon95/resposity/workday/node_modules/nedb/lib/model.js:128:22)
    at /Users/melon95/resposity/workday/node_modules/nedb/lib/model.js:130:18
    at Array.forEach (<anonymous>)

pid: 87622
hostname: lijundeMBP

2022-01-28 19:57:58,234 INFO 92959 [egg:logger] init all loggers with options: {"dir":"/Users/melon95/resposity/workday/logs/webcontainer-egg","encoding":"utf8","env":"local","level":"INFO","consoleLevel":"INFO","disableConsoleAfterReady":false,"outputJSON":false,"buffer":true,"appLogName":"webcontainer-egg-web.log","coreLogName":"egg-web.log","agentLogName":"egg-agent.log","errorLogName":"common-error.log","coreLogger":{"consoleLevel":"WARN"},"allowDebugAtProd":false,"type":"application"}
2022-01-28 19:57:58,236 INFO 92959 [egg-multipart] stream mode enable
2022-01-28 19:57:58,279 INFO 92959 [egg-static] starting static serve /public/ -> /Users/melon95/resposity/workday/app/public
2022-01-28 19:57:58,280 INFO 92959 [egg-security] use methodnoallow middleware
2022-01-28 19:57:58,280 INFO 92959 [egg-security] use noopen middleware
2022-01-28 19:57:58,280 INFO 92959 [egg-security] use nosniff middleware
2022-01-28 19:57:58,280 INFO 92959 [egg-security] use xssProtection middleware
2022-01-28 19:57:58,281 INFO 92959 [egg-security] use dta middleware
2022-01-28 19:57:58,281 INFO 92959 [egg-security] compose 5 middlewares into one security middleware
2022-01-28 19:57:58,283 INFO 92959 [egg:core] dump config after load, 1ms
2022-01-28 19:57:58,283 INFO 92959 [egg-watcher:application] watcher start success
2022-01-28 19:57:58,284 INFO 92959 [egg:core] dump config after ready, 0ms
2022-01-28 19:58:38,629 INFO 93363 [egg:logger] init all loggers with options: {"dir":"/Users/melon95/resposity/workday/logs/webcontainer-egg","encoding":"utf8","env":"local","level":"INFO","consoleLevel":"INFO","disableConsoleAfterReady":false,"outputJSON":false,"buffer":true,"appLogName":"webcontainer-egg-web.log","coreLogName":"egg-web.log","agentLogName":"egg-agent.log","errorLogName":"common-error.log","coreLogger":{"consoleLevel":"WARN"},"allowDebugAtProd":false,"type":"application"}
2022-01-28 19:58:38,631 INFO 93363 [egg-multipart] stream mode enable
2022-01-28 19:58:38,672 INFO 93363 [egg-static] starting static serve /public/ -> /Users/melon95/resposity/workday/app/public
2022-01-28 19:58:38,673 INFO 93363 [egg-security] use methodnoallow middleware
2022-01-28 19:58:38,673 INFO 93363 [egg-security] use noopen middleware
2022-01-28 19:58:38,673 INFO 93363 [egg-security] use nosniff middleware
2022-01-28 19:58:38,673 INFO 93363 [egg-security] use xssProtection middleware
2022-01-28 19:58:38,673 INFO 93363 [egg-security] use dta middleware
2022-01-28 19:58:38,673 INFO 93363 [egg-security] compose 5 middlewares into one security middleware
2022-01-28 19:58:38,676 INFO 93363 [egg:core] dump config after load, 1ms
2022-01-28 19:58:38,676 INFO 93363 [egg-watcher:application] watcher start success
2022-01-28 19:58:38,677 INFO 93363 [egg:core] dump config after ready, 1ms
2022-01-28 20:00:11,188 INFO 94218 [egg:logger] init all loggers with options: {"dir":"/Users/melon95/resposity/workday/logs/webcontainer-egg","encoding":"utf8","env":"local","level":"INFO","consoleLevel":"INFO","disableConsoleAfterReady":false,"outputJSON":false,"buffer":true,"appLogName":"webcontainer-egg-web.log","coreLogName":"egg-web.log","agentLogName":"egg-agent.log","errorLogName":"common-error.log","coreLogger":{"consoleLevel":"WARN"},"allowDebugAtProd":false,"type":"application"}
2022-01-28 20:00:11,190 INFO 94218 [egg-multipart] stream mode enable
2022-01-28 20:00:11,233 INFO 94218 [egg-static] starting static serve /public/ -> /Users/melon95/resposity/workday/app/public
2022-01-28 20:00:11,233 INFO 94218 [egg-security] use methodnoallow middleware
2022-01-28 20:00:11,234 INFO 94218 [egg-security] use noopen middleware
2022-01-28 20:00:11,234 INFO 94218 [egg-security] use nosniff middleware
2022-01-28 20:00:11,234 INFO 94218 [egg-security] use xssProtection middleware
2022-01-28 20:00:11,234 INFO 94218 [egg-security] use dta middleware
2022-01-28 20:00:11,234 INFO 94218 [egg-security] compose 5 middlewares into one security middleware
2022-01-28 20:00:11,237 INFO 94218 [egg:core] dump config after load, 1ms
2022-01-28 20:00:11,237 INFO 94218 [egg-watcher:application] watcher start success
2022-01-28 20:00:11,238 INFO 94218 [egg:core] dump config after ready, 1ms
2022-01-28 20:19:35,300 INFO 4483 [egg:logger] init all loggers with options: {"dir":"/Users/melon95/resposity/workday/logs/webcontainer-egg","encoding":"utf8","env":"local","level":"INFO","consoleLevel":"INFO","disableConsoleAfterReady":false,"outputJSON":false,"buffer":true,"appLogName":"webcontainer-egg-web.log","coreLogName":"egg-web.log","agentLogName":"egg-agent.log","errorLogName":"common-error.log","coreLogger":{"consoleLevel":"WARN"},"allowDebugAtProd":false,"type":"application"}
2022-01-28 20:19:35,302 INFO 4483 [egg-multipart] stream mode enable
2022-01-28 20:19:35,344 INFO 4483 [egg-static] starting static serve /public/ -> /Users/melon95/resposity/workday/app/public
2022-01-28 20:19:35,345 INFO 4483 [egg-security] use methodnoallow middleware
2022-01-28 20:19:35,345 INFO 4483 [egg-security] use noopen middleware
2022-01-28 20:19:35,345 INFO 4483 [egg-security] use nosniff middleware
2022-01-28 20:19:35,345 INFO 4483 [egg-security] use xssProtection middleware
2022-01-28 20:19:35,346 INFO 4483 [egg-security] use dta middleware
2022-01-28 20:19:35,346 INFO 4483 [egg-security] compose 5 middlewares into one security middleware
2022-01-28 20:19:35,348 INFO 4483 [egg:core] dump config after load, 1ms
2022-01-28 20:19:35,348 INFO 4483 [egg-watcher:application] watcher start success
2022-01-28 20:19:35,350 INFO 4483 [egg:core] dump config after ready, 1ms
