2022-01-28 15:11:53,437 INFO 6 [egg-schedule]: register schedule /home/projects/webcontainer-egg-shgna5/node_modules/egg-multipart/app/schedule/clean_tmpdir.js
2022-01-28 15:11:53,437 INFO 6 [egg-schedule]: register schedule /home/projects/webcontainer-egg-shgna5/node_modules/egg-logrotator/app/schedule/clean_log.js
2022-01-28 15:11:53,437 INFO 6 [egg-schedule]: register schedule /home/projects/webcontainer-egg-shgna5/node_modules/egg-logrotator/app/schedule/rotate_by_file.js
2022-01-28 15:11:54,515 INFO 6 [Timer] /home/projects/webcontainer-egg-shgna5/node_modules/egg-multipart/app/schedule/clean_tmpdir.js next time will execute after 47885488ms at 2022-01-29 04:30:00.003
2022-01-28 15:11:54,529 INFO 6 [Timer] /home/projects/webcontainer-egg-shgna5/node_modules/egg-logrotator/app/schedule/clean_log.js next time will execute after 31685471ms at 2022-01-29 00:00:00.000
2022-01-28 15:11:54,529 INFO 6 [Timer] /home/projects/webcontainer-egg-shgna5/node_modules/egg-logrotator/app/schedule/rotate_by_file.js next time will execute after 31686471ms at 2022-01-29 00:00:01.000
2022-01-28 18:39:38,293 INFO 52526 [Timer] /Users/melon95/resposity/workday/node_modules/egg-multipart/app/schedule/clean_tmpdir.js next time will execute after 35421708ms at 2022-01-29 04:30:00.001
2022-01-28 18:39:38,293 INFO 52526 [Timer] /Users/melon95/resposity/workday/node_modules/egg-logrotator/app/schedule/clean_log.js next time will execute after 19221707ms at 2022-01-29 00:00:00.000
2022-01-28 18:39:38,293 INFO 52526 [Timer] /Users/melon95/resposity/workday/node_modules/egg-logrotator/app/schedule/rotate_by_file.js next time will execute after 19222707ms at 2022-01-29 00:00:01.000
2022-01-28 18:39:38,243 INFO 52526 [egg-schedule]: register schedule /Users/melon95/resposity/workday/node_modules/egg-multipart/app/schedule/clean_tmpdir.js
2022-01-28 18:39:38,243 INFO 52526 [egg-schedule]: register schedule /Users/melon95/resposity/workday/node_modules/egg-logrotator/app/schedule/clean_log.js
2022-01-28 18:39:38,243 INFO 52526 [egg-schedule]: register schedule /Users/melon95/resposity/workday/node_modules/egg-logrotator/app/schedule/rotate_by_file.js
2022-01-28 18:42:39,648 INFO 54064 [Timer] /Users/melon95/resposity/workday/node_modules/egg-multipart/app/schedule/clean_tmpdir.js next time will execute after 35240353ms at 2022-01-29 04:30:00.001
2022-01-28 18:42:39,648 INFO 54064 [Timer] /Users/melon95/resposity/workday/node_modules/egg-logrotator/app/schedule/clean_log.js next time will execute after 19040352ms at 2022-01-29 00:00:00.000
2022-01-28 18:42:39,648 INFO 54064 [Timer] /Users/melon95/resposity/workday/node_modules/egg-logrotator/app/schedule/rotate_by_file.js next time will execute after 19041352ms at 2022-01-29 00:00:01.000
2022-01-28 18:42:39,609 INFO 54064 [egg-schedule]: register schedule /Users/melon95/resposity/workday/node_modules/egg-multipart/app/schedule/clean_tmpdir.js
2022-01-28 18:42:39,609 INFO 54064 [egg-schedule]: register schedule /Users/melon95/resposity/workday/node_modules/egg-logrotator/app/schedule/clean_log.js
2022-01-28 18:42:39,609 INFO 54064 [egg-schedule]: register schedule /Users/melon95/resposity/workday/node_modules/egg-logrotator/app/schedule/rotate_by_file.js
2022-01-28 18:48:07,702 INFO 56790 [Timer] /Users/melon95/resposity/workday/node_modules/egg-multipart/app/schedule/clean_tmpdir.js next time will execute after 34912299ms at 2022-01-29 04:30:00.001
2022-01-28 18:48:07,702 INFO 56790 [Timer] /Users/melon95/resposity/workday/node_modules/egg-logrotator/app/schedule/clean_log.js next time will execute after 18712298ms at 2022-01-29 00:00:00.000
2022-01-28 18:48:07,702 INFO 56790 [Timer] /Users/melon95/resposity/workday/node_modules/egg-logrotator/app/schedule/rotate_by_file.js next time will execute after 18713298ms at 2022-01-29 00:00:01.000
2022-01-28 18:48:07,666 INFO 56790 [egg-schedule]: register schedule /Users/melon95/resposity/workday/node_modules/egg-multipart/app/schedule/clean_tmpdir.js
2022-01-28 18:48:07,666 INFO 56790 [egg-schedule]: register schedule /Users/melon95/resposity/workday/node_modules/egg-logrotator/app/schedule/clean_log.js
2022-01-28 18:48:07,666 INFO 56790 [egg-schedule]: register schedule /Users/melon95/resposity/workday/node_modules/egg-logrotator/app/schedule/rotate_by_file.js
2022-01-28 18:49:07,818 INFO 57349 [Timer] /Users/melon95/resposity/workday/node_modules/egg-multipart/app/schedule/clean_tmpdir.js next time will execute after 34852183ms at 2022-01-29 04:30:00.001
2022-01-28 18:49:07,818 INFO 57349 [Timer] /Users/melon95/resposity/workday/node_modules/egg-logrotator/app/schedule/clean_log.js next time will execute after 18652182ms at 2022-01-29 00:00:00.000
2022-01-28 18:49:07,818 INFO 57349 [Timer] /Users/melon95/resposity/workday/node_modules/egg-logrotator/app/schedule/rotate_by_file.js next time will execute after 18653182ms at 2022-01-29 00:00:01.000
2022-01-28 18:49:07,781 INFO 57349 [egg-schedule]: register schedule /Users/melon95/resposity/workday/node_modules/egg-multipart/app/schedule/clean_tmpdir.js
2022-01-28 18:49:07,781 INFO 57349 [egg-schedule]: register schedule /Users/melon95/resposity/workday/node_modules/egg-logrotator/app/schedule/clean_log.js
2022-01-28 18:49:07,781 INFO 57349 [egg-schedule]: register schedule /Users/melon95/resposity/workday/node_modules/egg-logrotator/app/schedule/rotate_by_file.js
2022-01-28 18:55:30,728 INFO 60559 [Timer] /Users/melon95/resposity/workday/node_modules/egg-multipart/app/schedule/clean_tmpdir.js next time will execute after 34469273ms at 2022-01-29 04:30:00.001
2022-01-28 18:55:30,728 INFO 60559 [Timer] /Users/melon95/resposity/workday/node_modules/egg-logrotator/app/schedule/clean_log.js next time will execute after 18269272ms at 2022-01-29 00:00:00.000
2022-01-28 18:55:30,728 INFO 60559 [Timer] /Users/melon95/resposity/workday/node_modules/egg-logrotator/app/schedule/rotate_by_file.js next time will execute after 18270272ms at 2022-01-29 00:00:01.000
2022-01-28 18:55:30,692 INFO 60559 [egg-schedule]: register schedule /Users/melon95/resposity/workday/node_modules/egg-multipart/app/schedule/clean_tmpdir.js
2022-01-28 18:55:30,692 INFO 60559 [egg-schedule]: register schedule /Users/melon95/resposity/workday/node_modules/egg-logrotator/app/schedule/clean_log.js
2022-01-28 18:55:30,692 INFO 60559 [egg-schedule]: register schedule /Users/melon95/resposity/workday/node_modules/egg-logrotator/app/schedule/rotate_by_file.js
2022-01-28 18:55:44,600 INFO 60744 [Timer] /Users/melon95/resposity/workday/node_modules/egg-multipart/app/schedule/clean_tmpdir.js next time will execute after 34455401ms at 2022-01-29 04:30:00.001
2022-01-28 18:55:44,600 INFO 60744 [Timer] /Users/melon95/resposity/workday/node_modules/egg-logrotator/app/schedule/clean_log.js next time will execute after 18255400ms at 2022-01-29 00:00:00.000
2022-01-28 18:55:44,600 INFO 60744 [Timer] /Users/melon95/resposity/workday/node_modules/egg-logrotator/app/schedule/rotate_by_file.js next time will execute after 18256400ms at 2022-01-29 00:00:01.000
2022-01-28 18:55:44,564 INFO 60744 [egg-schedule]: register schedule /Users/melon95/resposity/workday/node_modules/egg-multipart/app/schedule/clean_tmpdir.js
2022-01-28 18:55:44,564 INFO 60744 [egg-schedule]: register schedule /Users/melon95/resposity/workday/node_modules/egg-logrotator/app/schedule/clean_log.js
2022-01-28 18:55:44,564 INFO 60744 [egg-schedule]: register schedule /Users/melon95/resposity/workday/node_modules/egg-logrotator/app/schedule/rotate_by_file.js
2022-01-28 18:57:56,615 INFO 61909 [Timer] /Users/melon95/resposity/workday/node_modules/egg-multipart/app/schedule/clean_tmpdir.js next time will execute after 34323386ms at 2022-01-29 04:30:00.001
2022-01-28 18:57:56,615 INFO 61909 [Timer] /Users/melon95/resposity/workday/node_modules/egg-logrotator/app/schedule/clean_log.js next time will execute after 18123385ms at 2022-01-29 00:00:00.000
2022-01-28 18:57:56,616 INFO 61909 [Timer] /Users/melon95/resposity/workday/node_modules/egg-logrotator/app/schedule/rotate_by_file.js next time will execute after 18124385ms at 2022-01-29 00:00:01.001
2022-01-28 18:57:56,578 INFO 61909 [egg-schedule]: register schedule /Users/melon95/resposity/workday/node_modules/egg-multipart/app/schedule/clean_tmpdir.js
2022-01-28 18:57:56,578 INFO 61909 [egg-schedule]: register schedule /Users/melon95/resposity/workday/node_modules/egg-logrotator/app/schedule/clean_log.js
2022-01-28 18:57:56,578 INFO 61909 [egg-schedule]: register schedule /Users/melon95/resposity/workday/node_modules/egg-logrotator/app/schedule/rotate_by_file.js
2022-01-28 19:04:33,961 INFO 65241 [Timer] /Users/melon95/resposity/workday/node_modules/egg-multipart/app/schedule/clean_tmpdir.js next time will execute after 33926040ms at 2022-01-29 04:30:00.001
2022-01-28 19:04:33,961 INFO 65241 [Timer] /Users/melon95/resposity/workday/node_modules/egg-logrotator/app/schedule/clean_log.js next time will execute after 17726039ms at 2022-01-29 00:00:00.000
2022-01-28 19:04:33,961 INFO 65241 [Timer] /Users/melon95/resposity/workday/node_modules/egg-logrotator/app/schedule/rotate_by_file.js next time will execute after 17727039ms at 2022-01-29 00:00:01.000
2022-01-28 19:04:33,925 INFO 65241 [egg-schedule]: register schedule /Users/melon95/resposity/workday/node_modules/egg-multipart/app/schedule/clean_tmpdir.js
2022-01-28 19:04:33,925 INFO 65241 [egg-schedule]: register schedule /Users/melon95/resposity/workday/node_modules/egg-logrotator/app/schedule/clean_log.js
2022-01-28 19:04:33,925 INFO 65241 [egg-schedule]: register schedule /Users/melon95/resposity/workday/node_modules/egg-logrotator/app/schedule/rotate_by_file.js
2022-01-28 19:06:10,915 INFO 66103 [Timer] /Users/melon95/resposity/workday/node_modules/egg-multipart/app/schedule/clean_tmpdir.js next time will execute after 33829086ms at 2022-01-29 04:30:00.001
2022-01-28 19:06:10,915 INFO 66103 [Timer] /Users/melon95/resposity/workday/node_modules/egg-logrotator/app/schedule/clean_log.js next time will execute after 17629085ms at 2022-01-29 00:00:00.000
2022-01-28 19:06:10,915 INFO 66103 [Timer] /Users/melon95/resposity/workday/node_modules/egg-logrotator/app/schedule/rotate_by_file.js next time will execute after 17630085ms at 2022-01-29 00:00:01.000
2022-01-28 19:06:10,878 INFO 66103 [egg-schedule]: register schedule /Users/melon95/resposity/workday/node_modules/egg-multipart/app/schedule/clean_tmpdir.js
2022-01-28 19:06:10,878 INFO 66103 [egg-schedule]: register schedule /Users/melon95/resposity/workday/node_modules/egg-logrotator/app/schedule/clean_log.js
2022-01-28 19:06:10,878 INFO 66103 [egg-schedule]: register schedule /Users/melon95/resposity/workday/node_modules/egg-logrotator/app/schedule/rotate_by_file.js
2022-01-28 19:07:22,291 INFO 66754 [Timer] /Users/melon95/resposity/workday/node_modules/egg-multipart/app/schedule/clean_tmpdir.js next time will execute after 33757710ms at 2022-01-29 04:30:00.001
2022-01-28 19:07:22,291 INFO 66754 [Timer] /Users/melon95/resposity/workday/node_modules/egg-logrotator/app/schedule/clean_log.js next time will execute after 17557709ms at 2022-01-29 00:00:00.000
2022-01-28 19:07:22,292 INFO 66754 [Timer] /Users/melon95/resposity/workday/node_modules/egg-logrotator/app/schedule/rotate_by_file.js next time will execute after 17558709ms at 2022-01-29 00:00:01.001
2022-01-28 19:07:22,258 INFO 66754 [egg-schedule]: register schedule /Users/melon95/resposity/workday/node_modules/egg-multipart/app/schedule/clean_tmpdir.js
2022-01-28 19:07:22,258 INFO 66754 [egg-schedule]: register schedule /Users/melon95/resposity/workday/node_modules/egg-logrotator/app/schedule/clean_log.js
2022-01-28 19:07:22,258 INFO 66754 [egg-schedule]: register schedule /Users/melon95/resposity/workday/node_modules/egg-logrotator/app/schedule/rotate_by_file.js
2022-01-28 19:11:36,156 INFO 68910 [Timer] /Users/melon95/resposity/workday/node_modules/egg-multipart/app/schedule/clean_tmpdir.js next time will execute after 33503844ms at 2022-01-29 04:30:00.000
2022-01-28 19:11:36,157 INFO 68910 [Timer] /Users/melon95/resposity/workday/node_modules/egg-logrotator/app/schedule/clean_log.js next time will execute after 17303844ms at 2022-01-29 00:00:00.001
2022-01-28 19:11:36,157 INFO 68910 [Timer] /Users/melon95/resposity/workday/node_modules/egg-logrotator/app/schedule/rotate_by_file.js next time will execute after 17304843ms at 2022-01-29 00:00:01.000
2022-01-28 19:11:36,120 INFO 68910 [egg-schedule]: register schedule /Users/melon95/resposity/workday/node_modules/egg-multipart/app/schedule/clean_tmpdir.js
2022-01-28 19:11:36,120 INFO 68910 [egg-schedule]: register schedule /Users/melon95/resposity/workday/node_modules/egg-logrotator/app/schedule/clean_log.js
2022-01-28 19:11:36,120 INFO 68910 [egg-schedule]: register schedule /Users/melon95/resposity/workday/node_modules/egg-logrotator/app/schedule/rotate_by_file.js
2022-01-28 19:12:43,886 INFO 69598 [egg-schedule]: register schedule /Users/melon95/resposity/workday/node_modules/egg-multipart/app/schedule/clean_tmpdir.js
2022-01-28 19:12:43,886 INFO 69598 [egg-schedule]: register schedule /Users/melon95/resposity/workday/node_modules/egg-logrotator/app/schedule/clean_log.js
2022-01-28 19:12:43,886 INFO 69598 [egg-schedule]: register schedule /Users/melon95/resposity/workday/node_modules/egg-logrotator/app/schedule/rotate_by_file.js
2022-01-28 19:19:43,893 INFO 73076 [egg-schedule]: register schedule /Users/melon95/resposity/workday/node_modules/egg-multipart/app/schedule/clean_tmpdir.js
2022-01-28 19:19:43,893 INFO 73076 [egg-schedule]: register schedule /Users/melon95/resposity/workday/node_modules/egg-logrotator/app/schedule/clean_log.js
2022-01-28 19:19:43,893 INFO 73076 [egg-schedule]: register schedule /Users/melon95/resposity/workday/node_modules/egg-logrotator/app/schedule/rotate_by_file.js
2022-01-28 19:20:09,787 INFO 73360 [egg-schedule]: register schedule /Users/melon95/resposity/workday/node_modules/egg-multipart/app/schedule/clean_tmpdir.js
2022-01-28 19:20:09,787 INFO 73360 [egg-schedule]: register schedule /Users/melon95/resposity/workday/node_modules/egg-logrotator/app/schedule/clean_log.js
2022-01-28 19:20:09,787 INFO 73360 [egg-schedule]: register schedule /Users/melon95/resposity/workday/node_modules/egg-logrotator/app/schedule/rotate_by_file.js
2022-01-28 19:21:12,476 INFO 73956 [egg-schedule]: register schedule /Users/melon95/resposity/workday/node_modules/egg-multipart/app/schedule/clean_tmpdir.js
2022-01-28 19:21:12,476 INFO 73956 [egg-schedule]: register schedule /Users/melon95/resposity/workday/node_modules/egg-logrotator/app/schedule/clean_log.js
2022-01-28 19:21:12,476 INFO 73956 [egg-schedule]: register schedule /Users/melon95/resposity/workday/node_modules/egg-logrotator/app/schedule/rotate_by_file.js
2022-01-28 19:22:27,709 INFO 74631 [Timer] /Users/melon95/resposity/workday/node_modules/egg-multipart/app/schedule/clean_tmpdir.js next time will execute after 32852292ms at 2022-01-29 04:30:00.001
2022-01-28 19:22:27,709 INFO 74631 [Timer] /Users/melon95/resposity/workday/node_modules/egg-logrotator/app/schedule/clean_log.js next time will execute after 16652291ms at 2022-01-29 00:00:00.000
2022-01-28 19:22:27,709 INFO 74631 [Timer] /Users/melon95/resposity/workday/node_modules/egg-logrotator/app/schedule/rotate_by_file.js next time will execute after 16653291ms at 2022-01-29 00:00:01.000
2022-01-28 19:22:27,673 INFO 74631 [egg-schedule]: register schedule /Users/melon95/resposity/workday/node_modules/egg-multipart/app/schedule/clean_tmpdir.js
2022-01-28 19:22:27,673 INFO 74631 [egg-schedule]: register schedule /Users/melon95/resposity/workday/node_modules/egg-logrotator/app/schedule/clean_log.js
2022-01-28 19:22:27,673 INFO 74631 [egg-schedule]: register schedule /Users/melon95/resposity/workday/node_modules/egg-logrotator/app/schedule/rotate_by_file.js
2022-01-28 19:22:45,246 INFO 74856 [Timer] /Users/melon95/resposity/workday/node_modules/egg-multipart/app/schedule/clean_tmpdir.js next time will execute after 32834755ms at 2022-01-29 04:30:00.001
2022-01-28 19:22:45,246 INFO 74856 [Timer] /Users/melon95/resposity/workday/node_modules/egg-logrotator/app/schedule/clean_log.js next time will execute after 16634754ms at 2022-01-29 00:00:00.000
2022-01-28 19:22:45,246 INFO 74856 [Timer] /Users/melon95/resposity/workday/node_modules/egg-logrotator/app/schedule/rotate_by_file.js next time will execute after 16635754ms at 2022-01-29 00:00:01.000
2022-01-28 19:22:45,210 INFO 74856 [egg-schedule]: register schedule /Users/melon95/resposity/workday/node_modules/egg-multipart/app/schedule/clean_tmpdir.js
2022-01-28 19:22:45,210 INFO 74856 [egg-schedule]: register schedule /Users/melon95/resposity/workday/node_modules/egg-logrotator/app/schedule/clean_log.js
2022-01-28 19:22:45,210 INFO 74856 [egg-schedule]: register schedule /Users/melon95/resposity/workday/node_modules/egg-logrotator/app/schedule/rotate_by_file.js
2022-01-28 19:23:32,138 INFO 75355 [Timer] /Users/melon95/resposity/workday/node_modules/egg-multipart/app/schedule/clean_tmpdir.js next time will execute after 32787863ms at 2022-01-29 04:30:00.001
2022-01-28 19:23:32,138 INFO 75355 [Timer] /Users/melon95/resposity/workday/node_modules/egg-logrotator/app/schedule/clean_log.js next time will execute after 16587862ms at 2022-01-29 00:00:00.000
2022-01-28 19:23:32,138 INFO 75355 [Timer] /Users/melon95/resposity/workday/node_modules/egg-logrotator/app/schedule/rotate_by_file.js next time will execute after 16588862ms at 2022-01-29 00:00:01.000
2022-01-28 19:23:32,105 INFO 75355 [egg-schedule]: register schedule /Users/melon95/resposity/workday/node_modules/egg-multipart/app/schedule/clean_tmpdir.js
2022-01-28 19:23:32,105 INFO 75355 [egg-schedule]: register schedule /Users/melon95/resposity/workday/node_modules/egg-logrotator/app/schedule/clean_log.js
2022-01-28 19:23:32,105 INFO 75355 [egg-schedule]: register schedule /Users/melon95/resposity/workday/node_modules/egg-logrotator/app/schedule/rotate_by_file.js
2022-01-28 19:25:20,387 INFO 76323 [Timer] /Users/melon95/resposity/workday/node_modules/egg-multipart/app/schedule/clean_tmpdir.js next time will execute after 32679614ms at 2022-01-29 04:30:00.001
2022-01-28 19:25:20,387 INFO 76323 [Timer] /Users/melon95/resposity/workday/node_modules/egg-logrotator/app/schedule/clean_log.js next time will execute after 16479613ms at 2022-01-29 00:00:00.000
2022-01-28 19:25:20,387 INFO 76323 [Timer] /Users/melon95/resposity/workday/node_modules/egg-logrotator/app/schedule/rotate_by_file.js next time will execute after 16480613ms at 2022-01-29 00:00:01.000
2022-01-28 19:25:20,332 INFO 76323 [egg-schedule]: register schedule /Users/melon95/resposity/workday/node_modules/egg-multipart/app/schedule/clean_tmpdir.js
2022-01-28 19:25:20,332 INFO 76323 [egg-schedule]: register schedule /Users/melon95/resposity/workday/node_modules/egg-logrotator/app/schedule/clean_log.js
2022-01-28 19:25:20,332 INFO 76323 [egg-schedule]: register schedule /Users/melon95/resposity/workday/node_modules/egg-logrotator/app/schedule/rotate_by_file.js
2022-01-28 19:26:16,310 INFO 76931 [Timer] /Users/melon95/resposity/workday/node_modules/egg-multipart/app/schedule/clean_tmpdir.js next time will execute after 32623691ms at 2022-01-29 04:30:00.001
2022-01-28 19:26:16,310 INFO 76931 [Timer] /Users/melon95/resposity/workday/node_modules/egg-logrotator/app/schedule/clean_log.js next time will execute after 16423690ms at 2022-01-29 00:00:00.000
2022-01-28 19:26:16,311 INFO 76931 [Timer] /Users/melon95/resposity/workday/node_modules/egg-logrotator/app/schedule/rotate_by_file.js next time will execute after 16424690ms at 2022-01-29 00:00:01.000
2022-01-28 19:26:16,274 INFO 76931 [egg-schedule]: register schedule /Users/melon95/resposity/workday/node_modules/egg-multipart/app/schedule/clean_tmpdir.js
2022-01-28 19:26:16,274 INFO 76931 [egg-schedule]: register schedule /Users/melon95/resposity/workday/node_modules/egg-logrotator/app/schedule/clean_log.js
2022-01-28 19:26:16,274 INFO 76931 [egg-schedule]: register schedule /Users/melon95/resposity/workday/node_modules/egg-logrotator/app/schedule/rotate_by_file.js
2022-01-28 19:28:48,884 INFO 78238 [Timer] /Users/melon95/resposity/workday/node_modules/egg-multipart/app/schedule/clean_tmpdir.js next time will execute after 32471117ms at 2022-01-29 04:30:00.001
2022-01-28 19:28:48,884 INFO 78238 [Timer] /Users/melon95/resposity/workday/node_modules/egg-logrotator/app/schedule/clean_log.js next time will execute after 16271116ms at 2022-01-29 00:00:00.000
2022-01-28 19:28:48,884 INFO 78238 [Timer] /Users/melon95/resposity/workday/node_modules/egg-logrotator/app/schedule/rotate_by_file.js next time will execute after 16272116ms at 2022-01-29 00:00:01.000
2022-01-28 19:28:48,848 INFO 78238 [egg-schedule]: register schedule /Users/melon95/resposity/workday/node_modules/egg-multipart/app/schedule/clean_tmpdir.js
2022-01-28 19:28:48,848 INFO 78238 [egg-schedule]: register schedule /Users/melon95/resposity/workday/node_modules/egg-logrotator/app/schedule/clean_log.js
2022-01-28 19:28:48,848 INFO 78238 [egg-schedule]: register schedule /Users/melon95/resposity/workday/node_modules/egg-logrotator/app/schedule/rotate_by_file.js
2022-01-28 19:31:08,240 INFO 79473 [Timer] /Users/melon95/resposity/workday/node_modules/egg-multipart/app/schedule/clean_tmpdir.js next time will execute after 32331761ms at 2022-01-29 04:30:00.001
2022-01-28 19:31:08,240 INFO 79473 [Timer] /Users/melon95/resposity/workday/node_modules/egg-logrotator/app/schedule/clean_log.js next time will execute after 16131760ms at 2022-01-29 00:00:00.000
2022-01-28 19:31:08,240 INFO 79473 [Timer] /Users/melon95/resposity/workday/node_modules/egg-logrotator/app/schedule/rotate_by_file.js next time will execute after 16132760ms at 2022-01-29 00:00:01.000
2022-01-28 19:31:08,203 INFO 79473 [egg-schedule]: register schedule /Users/melon95/resposity/workday/node_modules/egg-multipart/app/schedule/clean_tmpdir.js
2022-01-28 19:31:08,203 INFO 79473 [egg-schedule]: register schedule /Users/melon95/resposity/workday/node_modules/egg-logrotator/app/schedule/clean_log.js
2022-01-28 19:31:08,203 INFO 79473 [egg-schedule]: register schedule /Users/melon95/resposity/workday/node_modules/egg-logrotator/app/schedule/rotate_by_file.js
2022-01-28 19:31:25,024 INFO 79675 [Timer] /Users/melon95/resposity/workday/node_modules/egg-multipart/app/schedule/clean_tmpdir.js next time will execute after 32314977ms at 2022-01-29 04:30:00.001
2022-01-28 19:31:25,024 INFO 79675 [Timer] /Users/melon95/resposity/workday/node_modules/egg-logrotator/app/schedule/clean_log.js next time will execute after 16114976ms at 2022-01-29 00:00:00.000
2022-01-28 19:31:25,024 INFO 79675 [Timer] /Users/melon95/resposity/workday/node_modules/egg-logrotator/app/schedule/rotate_by_file.js next time will execute after 16115976ms at 2022-01-29 00:00:01.000
2022-01-28 19:31:24,988 INFO 79675 [egg-schedule]: register schedule /Users/melon95/resposity/workday/node_modules/egg-multipart/app/schedule/clean_tmpdir.js
2022-01-28 19:31:24,988 INFO 79675 [egg-schedule]: register schedule /Users/melon95/resposity/workday/node_modules/egg-logrotator/app/schedule/clean_log.js
2022-01-28 19:31:24,988 INFO 79675 [egg-schedule]: register schedule /Users/melon95/resposity/workday/node_modules/egg-logrotator/app/schedule/rotate_by_file.js
2022-01-28 19:31:57,285 INFO 80009 [Timer] /Users/melon95/resposity/workday/node_modules/egg-multipart/app/schedule/clean_tmpdir.js next time will execute after 32282716ms at 2022-01-29 04:30:00.001
2022-01-28 19:31:57,285 INFO 80009 [Timer] /Users/melon95/resposity/workday/node_modules/egg-logrotator/app/schedule/clean_log.js next time will execute after 16082715ms at 2022-01-29 00:00:00.000
2022-01-28 19:31:57,285 INFO 80009 [Timer] /Users/melon95/resposity/workday/node_modules/egg-logrotator/app/schedule/rotate_by_file.js next time will execute after 16083715ms at 2022-01-29 00:00:01.000
2022-01-28 19:31:57,249 INFO 80009 [egg-schedule]: register schedule /Users/melon95/resposity/workday/node_modules/egg-multipart/app/schedule/clean_tmpdir.js
2022-01-28 19:31:57,249 INFO 80009 [egg-schedule]: register schedule /Users/melon95/resposity/workday/node_modules/egg-logrotator/app/schedule/clean_log.js
2022-01-28 19:31:57,249 INFO 80009 [egg-schedule]: register schedule /Users/melon95/resposity/workday/node_modules/egg-logrotator/app/schedule/rotate_by_file.js
2022-01-28 19:32:29,429 INFO 80332 [Timer] /Users/melon95/resposity/workday/node_modules/egg-multipart/app/schedule/clean_tmpdir.js next time will execute after 32250572ms at 2022-01-29 04:30:00.001
2022-01-28 19:32:29,429 INFO 80332 [Timer] /Users/melon95/resposity/workday/node_modules/egg-logrotator/app/schedule/clean_log.js next time will execute after 16050571ms at 2022-01-29 00:00:00.000
2022-01-28 19:32:29,429 INFO 80332 [Timer] /Users/melon95/resposity/workday/node_modules/egg-logrotator/app/schedule/rotate_by_file.js next time will execute after 16051571ms at 2022-01-29 00:00:01.000
2022-01-28 19:32:29,393 INFO 80332 [egg-schedule]: register schedule /Users/melon95/resposity/workday/node_modules/egg-multipart/app/schedule/clean_tmpdir.js
2022-01-28 19:32:29,393 INFO 80332 [egg-schedule]: register schedule /Users/melon95/resposity/workday/node_modules/egg-logrotator/app/schedule/clean_log.js
2022-01-28 19:32:29,393 INFO 80332 [egg-schedule]: register schedule /Users/melon95/resposity/workday/node_modules/egg-logrotator/app/schedule/rotate_by_file.js
2022-01-28 19:33:08,120 INFO 80712 [Timer] /Users/melon95/resposity/workday/node_modules/egg-multipart/app/schedule/clean_tmpdir.js next time will execute after 32211881ms at 2022-01-29 04:30:00.001
2022-01-28 19:33:08,120 INFO 80712 [Timer] /Users/melon95/resposity/workday/node_modules/egg-logrotator/app/schedule/clean_log.js next time will execute after 16011880ms at 2022-01-29 00:00:00.000
2022-01-28 19:33:08,120 INFO 80712 [Timer] /Users/melon95/resposity/workday/node_modules/egg-logrotator/app/schedule/rotate_by_file.js next time will execute after 16012880ms at 2022-01-29 00:00:01.000
2022-01-28 19:33:08,084 INFO 80712 [egg-schedule]: register schedule /Users/melon95/resposity/workday/node_modules/egg-multipart/app/schedule/clean_tmpdir.js
2022-01-28 19:33:08,084 INFO 80712 [egg-schedule]: register schedule /Users/melon95/resposity/workday/node_modules/egg-logrotator/app/schedule/clean_log.js
2022-01-28 19:33:08,084 INFO 80712 [egg-schedule]: register schedule /Users/melon95/resposity/workday/node_modules/egg-logrotator/app/schedule/rotate_by_file.js
2022-01-28 19:33:39,130 INFO 81026 [Timer] /Users/melon95/resposity/workday/node_modules/egg-multipart/app/schedule/clean_tmpdir.js next time will execute after 32180871ms at 2022-01-29 04:30:00.001
2022-01-28 19:33:39,130 INFO 81026 [Timer] /Users/melon95/resposity/workday/node_modules/egg-logrotator/app/schedule/clean_log.js next time will execute after 15980870ms at 2022-01-29 00:00:00.000
2022-01-28 19:33:39,130 INFO 81026 [Timer] /Users/melon95/resposity/workday/node_modules/egg-logrotator/app/schedule/rotate_by_file.js next time will execute after 15981870ms at 2022-01-29 00:00:01.000
2022-01-28 19:33:39,094 INFO 81026 [egg-schedule]: register schedule /Users/melon95/resposity/workday/node_modules/egg-multipart/app/schedule/clean_tmpdir.js
2022-01-28 19:33:39,094 INFO 81026 [egg-schedule]: register schedule /Users/melon95/resposity/workday/node_modules/egg-logrotator/app/schedule/clean_log.js
2022-01-28 19:33:39,094 INFO 81026 [egg-schedule]: register schedule /Users/melon95/resposity/workday/node_modules/egg-logrotator/app/schedule/rotate_by_file.js
2022-01-28 19:38:08,061 INFO 83255 [Timer] /Users/melon95/resposity/workday/node_modules/egg-multipart/app/schedule/clean_tmpdir.js next time will execute after 31911940ms at 2022-01-29 04:30:00.001
2022-01-28 19:38:08,061 INFO 83255 [Timer] /Users/melon95/resposity/workday/node_modules/egg-logrotator/app/schedule/clean_log.js next time will execute after 15711939ms at 2022-01-29 00:00:00.000
2022-01-28 19:38:08,061 INFO 83255 [Timer] /Users/melon95/resposity/workday/node_modules/egg-logrotator/app/schedule/rotate_by_file.js next time will execute after 15712939ms at 2022-01-29 00:00:01.000
2022-01-28 19:38:08,012 INFO 83255 [egg-schedule]: register schedule /Users/melon95/resposity/workday/node_modules/egg-multipart/app/schedule/clean_tmpdir.js
2022-01-28 19:38:08,012 INFO 83255 [egg-schedule]: register schedule /Users/melon95/resposity/workday/node_modules/egg-logrotator/app/schedule/clean_log.js
2022-01-28 19:38:08,012 INFO 83255 [egg-schedule]: register schedule /Users/melon95/resposity/workday/node_modules/egg-logrotator/app/schedule/rotate_by_file.js
2022-01-28 19:44:23,510 INFO 86345 [Timer] /Users/melon95/resposity/workday/node_modules/egg-multipart/app/schedule/clean_tmpdir.js next time will execute after 31536491ms at 2022-01-29 04:30:00.001
2022-01-28 19:44:23,510 INFO 86345 [Timer] /Users/melon95/resposity/workday/node_modules/egg-logrotator/app/schedule/clean_log.js next time will execute after 15336490ms at 2022-01-29 00:00:00.000
2022-01-28 19:44:23,510 INFO 86345 [Timer] /Users/melon95/resposity/workday/node_modules/egg-logrotator/app/schedule/rotate_by_file.js next time will execute after 15337490ms at 2022-01-29 00:00:01.000
2022-01-28 19:44:23,457 INFO 86345 [egg-schedule]: register schedule /Users/melon95/resposity/workday/node_modules/egg-multipart/app/schedule/clean_tmpdir.js
2022-01-28 19:44:23,457 INFO 86345 [egg-schedule]: register schedule /Users/melon95/resposity/workday/node_modules/egg-logrotator/app/schedule/clean_log.js
2022-01-28 19:44:23,457 INFO 86345 [egg-schedule]: register schedule /Users/melon95/resposity/workday/node_modules/egg-logrotator/app/schedule/rotate_by_file.js
2022-01-28 19:46:54,820 INFO 87622 [Timer] /Users/melon95/resposity/workday/node_modules/egg-multipart/app/schedule/clean_tmpdir.js next time will execute after 31385181ms at 2022-01-29 04:30:00.001
2022-01-28 19:46:54,820 INFO 87622 [Timer] /Users/melon95/resposity/workday/node_modules/egg-logrotator/app/schedule/clean_log.js next time will execute after 15185180ms at 2022-01-29 00:00:00.000
2022-01-28 19:46:54,820 INFO 87622 [Timer] /Users/melon95/resposity/workday/node_modules/egg-logrotator/app/schedule/rotate_by_file.js next time will execute after 15186180ms at 2022-01-29 00:00:01.000
2022-01-28 19:46:54,782 INFO 87622 [egg-schedule]: register schedule /Users/melon95/resposity/workday/node_modules/egg-multipart/app/schedule/clean_tmpdir.js
2022-01-28 19:46:54,782 INFO 87622 [egg-schedule]: register schedule /Users/melon95/resposity/workday/node_modules/egg-logrotator/app/schedule/clean_log.js
2022-01-28 19:46:54,782 INFO 87622 [egg-schedule]: register schedule /Users/melon95/resposity/workday/node_modules/egg-logrotator/app/schedule/rotate_by_file.js
2022-01-28 19:57:58,286 INFO 92959 [Timer] /Users/melon95/resposity/workday/node_modules/egg-multipart/app/schedule/clean_tmpdir.js next time will execute after 30721715ms at 2022-01-29 04:30:00.001
2022-01-28 19:57:58,286 INFO 92959 [Timer] /Users/melon95/resposity/workday/node_modules/egg-logrotator/app/schedule/clean_log.js next time will execute after 14521714ms at 2022-01-29 00:00:00.000
2022-01-28 19:57:58,286 INFO 92959 [Timer] /Users/melon95/resposity/workday/node_modules/egg-logrotator/app/schedule/rotate_by_file.js next time will execute after 14522714ms at 2022-01-29 00:00:01.000
2022-01-28 19:57:58,236 INFO 92959 [egg-schedule]: register schedule /Users/melon95/resposity/workday/node_modules/egg-multipart/app/schedule/clean_tmpdir.js
2022-01-28 19:57:58,236 INFO 92959 [egg-schedule]: register schedule /Users/melon95/resposity/workday/node_modules/egg-logrotator/app/schedule/clean_log.js
2022-01-28 19:57:58,236 INFO 92959 [egg-schedule]: register schedule /Users/melon95/resposity/workday/node_modules/egg-logrotator/app/schedule/rotate_by_file.js
2022-01-28 19:58:38,679 INFO 93363 [Timer] /Users/melon95/resposity/workday/node_modules/egg-multipart/app/schedule/clean_tmpdir.js next time will execute after 30681322ms at 2022-01-29 04:30:00.001
2022-01-28 19:58:38,679 INFO 93363 [Timer] /Users/melon95/resposity/workday/node_modules/egg-logrotator/app/schedule/clean_log.js next time will execute after 14481321ms at 2022-01-29 00:00:00.000
2022-01-28 19:58:38,679 INFO 93363 [Timer] /Users/melon95/resposity/workday/node_modules/egg-logrotator/app/schedule/rotate_by_file.js next time will execute after 14482321ms at 2022-01-29 00:00:01.000
2022-01-28 19:58:38,630 INFO 93363 [egg-schedule]: register schedule /Users/melon95/resposity/workday/node_modules/egg-multipart/app/schedule/clean_tmpdir.js
2022-01-28 19:58:38,630 INFO 93363 [egg-schedule]: register schedule /Users/melon95/resposity/workday/node_modules/egg-logrotator/app/schedule/clean_log.js
2022-01-28 19:58:38,630 INFO 93363 [egg-schedule]: register schedule /Users/melon95/resposity/workday/node_modules/egg-logrotator/app/schedule/rotate_by_file.js
2022-01-28 20:00:11,240 INFO 94218 [Timer] /Users/melon95/resposity/workday/node_modules/egg-multipart/app/schedule/clean_tmpdir.js next time will execute after 30588761ms at 2022-01-29 04:30:00.001
2022-01-28 20:00:11,240 INFO 94218 [Timer] /Users/melon95/resposity/workday/node_modules/egg-logrotator/app/schedule/clean_log.js next time will execute after 14388760ms at 2022-01-29 00:00:00.000
2022-01-28 20:00:11,240 INFO 94218 [Timer] /Users/melon95/resposity/workday/node_modules/egg-logrotator/app/schedule/rotate_by_file.js next time will execute after 14389760ms at 2022-01-29 00:00:01.000
2022-01-28 20:00:11,190 INFO 94218 [egg-schedule]: register schedule /Users/melon95/resposity/workday/node_modules/egg-multipart/app/schedule/clean_tmpdir.js
2022-01-28 20:00:11,190 INFO 94218 [egg-schedule]: register schedule /Users/melon95/resposity/workday/node_modules/egg-logrotator/app/schedule/clean_log.js
2022-01-28 20:00:11,190 INFO 94218 [egg-schedule]: register schedule /Users/melon95/resposity/workday/node_modules/egg-logrotator/app/schedule/rotate_by_file.js
2022-01-28 20:19:35,351 INFO 4483 [Timer] /Users/melon95/resposity/workday/node_modules/egg-multipart/app/schedule/clean_tmpdir.js next time will execute after 29424650ms at 2022-01-29 04:30:00.001
2022-01-28 20:19:35,351 INFO 4483 [Timer] /Users/melon95/resposity/workday/node_modules/egg-logrotator/app/schedule/clean_log.js next time will execute after 13224649ms at 2022-01-29 00:00:00.000
2022-01-28 20:19:35,351 INFO 4483 [Timer] /Users/melon95/resposity/workday/node_modules/egg-logrotator/app/schedule/rotate_by_file.js next time will execute after 13225649ms at 2022-01-29 00:00:01.000
2022-01-28 20:19:35,302 INFO 4483 [egg-schedule]: register schedule /Users/melon95/resposity/workday/node_modules/egg-multipart/app/schedule/clean_tmpdir.js
2022-01-28 20:19:35,302 INFO 4483 [egg-schedule]: register schedule /Users/melon95/resposity/workday/node_modules/egg-logrotator/app/schedule/clean_log.js
2022-01-28 20:19:35,302 INFO 4483 [egg-schedule]: register schedule /Users/melon95/resposity/workday/node_modules/egg-logrotator/app/schedule/rotate_by_file.js
